#
# A fatal error has been detected by the Java Runtime Environment:
#
#  SIGSEGV (0xb) at pc=0x000000010b9e3a3e, pid=13493, tid=1299
#
# JRE version: Java(TM) SE Runtime Environment (8.0_25-b17) (build 1.8.0_25-b17)
# Java VM: Java HotSpot(TM) 64-Bit Server VM (25.25-b02 mixed mode bsd-amd64 compressed oops)
# Problematic frame:
# V  [libjvm.dylib+0x163a3e]  ThreadStateTransition::trans_from_native(JavaThreadState)+0xa
#
# Failed to write core dump. Core dumps have been disabled. To enable core dumping, try "ulimit -c unlimited" before starting Java again
#
# If you would like to submit a bug report, please visit:
#   http://bugreport.sun.com/bugreport/crash.jsp
#

---------------  T H R E A D  ---------------

Current thread is native thread

siginfo: si_signo: 11 (SIGSEGV), si_code: 1 (SEGV_MAPERR), si_addr: 0x0000000000000260

Registers:
RAX=0x0000000000000000, RBX=0x0000000000000000, RCX=0x0000000000000000, RDX=0x0000000000000000
RSP=0x00007fff54478cf0, RBP=0x00007fff54478d00, RSI=0x0000000000000006, RDI=0x00007fff54478d10
R8 =0x00007fff54478df0, R9 =0x000000000000006e, R10=0x0000000000000003, R11=0x000000012319e1d0
R12=0x00007fbe68c12da0, R13=0x00000000000f434d, R14=0x00007fbe6d8f7d00, R15=0x00007fbe69a0f9e8
RIP=0x000000010b9e3a3e, EFLAGS=0x0000000000010246, ERR=0x0000000000000006
  TRAPNO=0x000000000000000e

Top of Stack: (sp=0x00007fff54478cf0)
0x00007fff54478cf0:   0000000000000000 00007fbe6d8f7d00
0x00007fff54478d00:   00007fff54478d30 000000010bb793c1
0x00007fff54478d10:   0000000000000000 00007fbe68c2efa0
0x00007fff54478d20:   00007fbe69a0f9e8 00007fff54478f40
0x00007fff54478d30:   00007fff54478d50 000000012319e1f5
0x00007fff54478d40:   0000000000000000 00007fbe69a0f9e8
0x00007fff54478d50:   00007fff54478d70 000000012319e48f
0x00007fff54478d60:   0000000000000000 00007fbe6b4335e0
0x00007fff54478d70:   00007fff54478e00 000000012f2157d4
0x00007fff54478d80:   0000000000000000 0000000000000000
0x00007fff54478d90:   0000000000000000 0000000000000000
0x00007fff54478da0:   4054000000000000 0000000000000000
0x00007fff54478db0:   4036000000000000 0000000000000000
0x00007fff54478dc0:   0000000000000000 0000000000000000
0x00007fff54478dd0:   0000000000000000 0000000000000000
0x00007fff54478de0:   0000000000000000 00007fff54478fd0
0x00007fff54478df0:   00007fbe6b436890 00007fff54478f40
0x00007fff54478e00:   00007fff54478e10 00007fff8c6a2cdc
0x00007fff54478e10:   00007fff54479170 00007fff8c594244
0x00007fff54478e20:   0000000000000000 00007fff544793b0
0x00007fff54478e30:   00007fff748bdd40 00007fff751a1538
0x00007fff54478e40:   00007fff54478e70 0000000000000a50
0x00007fff54478e50:   0000000000000000 00007fbe6b436890
0x00007fff54478e60:   0000000000000000 00007fff54478f40
0x00007fff54478e70:   0000000000000000 00007fbe68e48520
0x00007fff54478e80:   00007fff54478fc0 000000000000006e
0x00007fff54478e90:   00000000000f436c 00007fbe68d46b20
0x00007fff54478ea0:   00007fbe6b4337e0 00007fbe68c12da0
0x00007fff54478eb0:   0000000000000001 00000000000f434d
0x00007fff54478ec0:   00007fbe68c12d90 00007fff899fa434
0x00007fff54478ed0:   00007fff54478f70 00007fff89f72513
0x00007fff54478ee0:   00007fff54478f54 0000000000689101 

Instructions: (pc=0x000000010b9e3a3e)
0x000000010b9e3a1e:   0e 48 8b 0b 49 8b 56 18 48 63 c0 48 89 0c c2 5b
0x000000010b9e3a2e:   41 5e 5d c3 90 90 55 48 89 e5 41 56 53 48 8b 1f
0x000000010b9e3a3e:   c7 83 60 02 00 00 05 00 00 00 48 8d 05 e9 8e 73
0x000000010b9e3a4e:   00 8b 00 83 f8 01 41 89 f6 7f 0c 48 8d 0d 06 0b 

Register to memory mapping:

RAX=0x0000000000000000 is an unknown value
RBX=0x0000000000000000 is an unknown value
RCX=0x0000000000000000 is an unknown value
RDX=0x0000000000000000 is an unknown value
RSP=0x00007fff54478cf0 is an unknown value
RBP=0x00007fff54478d00 is an unknown value
RSI=0x0000000000000006 is an unknown value
RDI=0x00007fff54478d10 is an unknown value
R8 =0x00007fff54478df0 is an unknown value
R9 =0x000000000000006e is an unknown value
R10=0x0000000000000003 is an unknown value
R11=0x000000012319e1d0: -[JNFWeakJObjectWrapper _getWithEnv:]+0 in /System/Library/Frameworks/JavaVM.framework/Versions/A/Frameworks/JavaNativeFoundation.framework/Versions/A/JavaNativeFoundation at 0x0000000123198000
R12=0x00007fbe68c12da0 is an unknown value
R13=0x00000000000f434d is an unknown value
R14=0x00007fbe6d8f7d00 is a weak global jni handle
R15=0x00007fbe69a0f9e8 is an unknown value


Stack: [0x00007fff53c7e000,0x00007fff5447e000],  sp=0x00007fff54478cf0,  free space=8171k
Native frames: (J=compiled Java code, j=interpreted, Vv=VM code, C=native code)
V  [libjvm.dylib+0x163a3e]  ThreadStateTransition::trans_from_native(JavaThreadState)+0xa
V  [libjvm.dylib+0x2f93c1]  jni_IsSameObject+0x30
C  [JavaNativeFoundation+0x61f5]  -[JNFWeakJObjectWrapper _getWithEnv:]+0x25
C  [JavaNativeFoundation+0x648f]  -[JNFJObjectWrapper jObjectWithEnv:]+0x1d
C  [libawt_lwawt.dylib+0xa7d4]  -[AWTWindow _deliverMoveResizeEvent]+0xa4
C  [CoreFoundation+0x11ecdc]  __CFNOTIFICATIONCENTER_IS_CALLING_OUT_TO_AN_OBSERVER__+0xc
C  [CoreFoundation+0x10244]  _CFXNotificationPost+0xc44
C  [Foundation+0x2c31]  -[NSNotificationCenter postNotificationName:object:userInfo:]+0x42
C  [AppKit+0x1144bc]  -[NSWindow _setFrameCommon:display:stashSize:]+0xaf1
C  [libawt_lwawt.dylib+0xd043]  __Java_sun_lwawt_macosx_CPlatformWindow_nativeSetNSWindowBounds_block_invoke_1+0x11c
C  [JavaNativeFoundation+0x65f5]  +[JNFRunLoop _performCopiedBlock:]+0x14
C  [Foundation+0x65cdc]  __NSThreadPerformPerform+0x125
C  [CoreFoundation+0x80681]  __CFRUNLOOP_IS_CALLING_OUT_TO_A_SOURCE0_PERFORM_FUNCTION__+0x11
C  [CoreFoundation+0x728dc]  __CFRunLoopDoSources0+0x1dc
C  [CoreFoundation+0x71e3f]  __CFRunLoopRun+0x39f
C  [CoreFoundation+0x71858]  CFRunLoopRunSpecific+0x128
C  [java+0x56cc]  CreateExecutionEnvironment+0x367
C  [java+0x165c]  JLI_Launch+0x7a0
C  [java+0x768a]  main+0x65
C  [java+0xeb4]  start+0x34


---------------  P R O C E S S  ---------------

VM state:not at safepoint (normal execution)

VM Mutex/Monitor currently owned by a thread: None

Heap:
 PSYoungGen      total 38400K, used 7999K [0x0000000795580000, 0x0000000798000000, 0x00000007c0000000)
  eden space 33280K, 24% used [0x0000000795580000,0x0000000795d4fe38,0x0000000797600000)
  from space 5120K, 0% used [0x0000000797b00000,0x0000000797b00000,0x0000000798000000)
  to   space 5120K, 0% used [0x0000000797600000,0x0000000797600000,0x0000000797b00000)
 ParOldGen       total 68608K, used 17636K [0x0000000740000000, 0x0000000744300000, 0x0000000795580000)
  object space 68608K, 25% used [0x0000000740000000,0x00000007411392a8,0x0000000744300000)
 Metaspace       used 21760K, capacity 22668K, committed 22784K, reserved 1069056K
  class space    used 3056K, capacity 3215K, committed 3328K, reserved 1048576K

Card table byte_map: [0x000000011c4cc000,0x000000011c8cd000] byte_map_base: 0x0000000118acc000

Marking Bits: (ParMarkBitMap*) 0x000000010c11d390
 Begin Bits: [0x000000011cf84000, 0x000000011ef84000)
 End Bits:   [0x000000011ef84000, 0x0000000120f84000)

Polling page: 0x000000010c7f5000

CodeCache: size=245760Kb used=7629Kb max_used=7836Kb free=238130Kb
 bounds [0x000000010d10c000, 0x000000010d8bc000, 0x000000011c10c000]
 total_blobs=3293 nmethods=2499 adapters=707
 compilation: enabled

Compilation events (10 events):
Event: 457.470 Thread 0x00007fbe6a02e000 2632       1       java.awt.Component::getPeer (5 bytes)
Event: 457.470 Thread 0x00007fbe6a02e000 nmethod 2632 0x000000010d552090 code [0x000000010d5521e0, 0x000000010d5522f0]
Event: 457.471 Thread 0x00007fbe6a02e000 2631       1       java.awt.Color::getRGB (5 bytes)
Event: 457.471 Thread 0x00007fbe6a02e000 nmethod 2631 0x000000010d2b7490 code [0x000000010d2b75e0, 0x000000010d2b76f0]
Event: 457.500 Thread 0x00007fbe6a02e000 2633       3       jdk.internal.org.objectweb.asm.ClassWriter::visitField (16 bytes)
Event: 457.500 Thread 0x00007fbe6a02e000 nmethod 2633 0x000000010d365290 code [0x000000010d365400, 0x000000010d365628]
Event: 457.501 Thread 0x00007fbe6a02e000 2634       3       jdk.internal.org.objectweb.asm.FieldWriter::<init> (97 bytes)
Event: 457.502 Thread 0x00007fbe6a02e000 nmethod 2634 0x000000010d279a50 code [0x000000010d279c20, 0x000000010d27a108]
Event: 457.502 Thread 0x00007fbe6a02e000 2635       1       sun.lwawt.LWComponentPeer::getTarget (5 bytes)
Event: 457.502 Thread 0x00007fbe6a02e000 nmethod 2635 0x000000010d445910 code [0x000000010d445a60, 0x000000010d445b70]

GC Heap History (6 events):
Event: 4.856 GC heap before
{Heap before GC invocations=1 (full 0):
 PSYoungGen      total 38400K, used 33280K [0x0000000795580000, 0x0000000798000000, 0x00000007c0000000)
  eden space 33280K, 100% used [0x0000000795580000,0x0000000797600000,0x0000000797600000)
  from space 5120K, 0% used [0x0000000797b00000,0x0000000797b00000,0x0000000798000000)
  to   space 5120K, 0% used [0x0000000797600000,0x0000000797600000,0x0000000797b00000)
 ParOldGen       total 87552K, used 0K [0x0000000740000000, 0x0000000745580000, 0x0000000795580000)
  object space 87552K, 0% used [0x0000000740000000,0x0000000740000000,0x0000000745580000)
 Metaspace       used 14568K, capacity 15344K, committed 15360K, reserved 1062912K
  class space    used 2151K, capacity 2293K, committed 2304K, reserved 1048576K
Event: 4.864 GC heap after
Heap after GC invocations=1 (full 0):
 PSYoungGen      total 38400K, used 4902K [0x0000000795580000, 0x0000000798000000, 0x00000007c0000000)
  eden space 33280K, 0% used [0x0000000795580000,0x0000000795580000,0x0000000797600000)
  from space 5120K, 95% used [0x0000000797600000,0x0000000797ac99b0,0x0000000797b00000)
  to   space 5120K, 0% used [0x0000000797b00000,0x0000000797b00000,0x0000000798000000)
 ParOldGen       total 87552K, used 24K [0x0000000740000000, 0x0000000745580000, 0x0000000795580000)
  object space 87552K, 0% used [0x0000000740000000,0x0000000740006000,0x0000000745580000)
 Metaspace       used 14568K, capacity 15344K, committed 15360K, reserved 1062912K
  class space    used 2151K, capacity 2293K, committed 2304K, reserved 1048576K
}
Event: 36.289 GC heap before
{Heap before GC invocations=2 (full 0):
 PSYoungGen      total 38400K, used 26250K [0x0000000795580000, 0x0000000798000000, 0x00000007c0000000)
  eden space 33280K, 64% used [0x0000000795580000,0x0000000796a58eb8,0x0000000797600000)
  from space 5120K, 95% used [0x0000000797600000,0x0000000797ac99b0,0x0000000797b00000)
  to   space 5120K, 0% used [0x0000000797b00000,0x0000000797b00000,0x0000000798000000)
 ParOldGen       total 87552K, used 24K [0x0000000740000000, 0x0000000745580000, 0x0000000795580000)
  object space 87552K, 0% used [0x0000000740000000,0x0000000740006000,0x0000000745580000)
 Metaspace       used 20305K, capacity 21186K, committed 21248K, reserved 1067008K
  class space    used 2867K, capacity 3034K, committed 3072K, reserved 1048576K
Event: 36.304 GC heap after
Heap after GC invocations=2 (full 0):
 PSYoungGen      total 38400K, used 5095K [0x0000000795580000, 0x0000000798000000, 0x00000007c0000000)
  eden space 33280K, 0% used [0x0000000795580000,0x0000000795580000,0x0000000797600000)
  from space 5120K, 99% used [0x0000000797b00000,0x0000000797ff9c80,0x0000000798000000)
  to   space 5120K, 0% used [0x0000000797600000,0x0000000797600000,0x0000000797b00000)
 ParOldGen       total 87552K, used 13996K [0x0000000740000000, 0x0000000745580000, 0x0000000795580000)
  object space 87552K, 15% used [0x0000000740000000,0x0000000740dab1f8,0x0000000745580000)
 Metaspace       used 20305K, capacity 21186K, committed 21248K, reserved 1067008K
  class space    used 2867K, capacity 3034K, committed 3072K, reserved 1048576K
}
Event: 36.304 GC heap before
{Heap before GC invocations=3 (full 1):
 PSYoungGen      total 38400K, used 5095K [0x0000000795580000, 0x0000000798000000, 0x00000007c0000000)
  eden space 33280K, 0% used [0x0000000795580000,0x0000000795580000,0x0000000797600000)
  from space 5120K, 99% used [0x0000000797b00000,0x0000000797ff9c80,0x0000000798000000)
  to   space 5120K, 0% used [0x0000000797600000,0x0000000797600000,0x0000000797b00000)
 ParOldGen       total 87552K, used 13996K [0x0000000740000000, 0x0000000745580000, 0x0000000795580000)
  object space 87552K, 15% used [0x0000000740000000,0x0000000740dab1f8,0x0000000745580000)
 Metaspace       used 20305K, capacity 21186K, committed 21248K, reserved 1067008K
  class space    used 2867K, capacity 3034K, committed 3072K, reserved 1048576K
Event: 36.335 GC heap after
Heap after GC invocations=3 (full 1):
 PSYoungGen      total 38400K, used 0K [0x0000000795580000, 0x0000000798000000, 0x00000007c0000000)
  eden space 33280K, 0% used [0x0000000795580000,0x0000000795580000,0x0000000797600000)
  from space 5120K, 0% used [0x0000000797b00000,0x0000000797b00000,0x0000000798000000)
  to   space 5120K, 0% used [0x0000000797600000,0x0000000797600000,0x0000000797b00000)
 ParOldGen       total 68608K, used 17636K [0x0000000740000000, 0x0000000744300000, 0x0000000795580000)
  object space 68608K, 25% used [0x0000000740000000,0x00000007411392a8,0x0000000744300000)
 Metaspace       used 20304K, capacity 21184K, committed 21248K, reserved 1067008K
  class space    used 2866K, capacity 3033K, committed 3072K, reserved 1048576K
}

Deoptimization events (10 events):
Event: 1.316 Thread 0x00007fbe69a0f800 Uncommon trap: reason=unloaded action=reinterpret pc=0x000000010d33ae58 method=java.lang.CharacterData.of(I)Ljava/lang/CharacterData; @ 96
Event: 1.360 Thread 0x00007fbe69a0f800 Uncommon trap: reason=class_check action=maybe_recompile pc=0x000000010d260b14 method=java.lang.String.equals(Ljava/lang/Object;)Z @ 8
Event: 4.867 Thread 0x00007fbe6a80c000 Uncommon trap: reason=unreached action=reinterpret pc=0x000000010d55223c method=java.lang.ref.ReferenceQueue.poll()Ljava/lang/ref/Reference; @ 4
Event: 36.195 Thread 0x00007fbe69a9c800 Uncommon trap: reason=unreached action=reinterpret pc=0x000000010d408df0 method=java.lang.AbstractStringBuilder.append(Ljava/lang/String;)Ljava/lang/AbstractStringBuilder; @ 1
Event: 36.196 Thread 0x00007fbe69a9c800 Uncommon trap: reason=unreached action=reinterpret pc=0x000000010d33c2f4 method=java.lang.AbstractStringBuilder.append(Ljava/lang/String;)Ljava/lang/AbstractStringBuilder; @ 1
Event: 36.207 Thread 0x00007fbe69a9c800 Uncommon trap: reason=predicate action=maybe_recompile pc=0x000000010d70da04 method=java.util.ArrayList.indexOf(Ljava/lang/Object;)I @ 44
Event: 36.281 Thread 0x00007fbe69a9c800 Uncommon trap: reason=bimorphic action=maybe_recompile pc=0x000000010d7215e8 method=java.util.ArrayList.indexOf(Ljava/lang/Object;)I @ 51
Event: 36.281 Thread 0x00007fbe69a9c800 Uncommon trap: reason=bimorphic action=maybe_recompile pc=0x000000010d7215e8 method=java.util.ArrayList.indexOf(Ljava/lang/Object;)I @ 51
Event: 36.281 Thread 0x00007fbe69a9c800 Uncommon trap: reason=bimorphic action=maybe_recompile pc=0x000000010d7215e8 method=java.util.ArrayList.indexOf(Ljava/lang/Object;)I @ 51
Event: 63.384 Thread 0x00007fbe69a0f800 Uncommon trap: reason=bimorphic action=maybe_recompile pc=0x000000010d7215e8 method=java.util.ArrayList.indexOf(Ljava/lang/Object;)I @ 51

Internal exceptions (10 events):
Event: 35.943 Thread 0x00007fbe6aa99000 Exception <a 'java/io/FileNotFoundException'> (0x0000000795c9b0f0) thrown at [/HUDSON3/workspace/8-2-build-macosx-x86_64/jdk8u25/1514/hotspot/src/share/vm/prims/jni.cpp, line 716]
Event: 35.996 Thread 0x00007fbe6aa99000 Exception <a 'java/security/PrivilegedActionException'> (0x0000000795df0c88) thrown at [/HUDSON3/workspace/8-2-build-macosx-x86_64/jdk8u25/1514/hotspot/src/share/vm/prims/jvm.cpp, line 1312]
Event: 35.996 Thread 0x00007fbe6aa99000 Exception <a 'java/security/PrivilegedActionException'> (0x0000000795df92f8) thrown at [/HUDSON3/workspace/8-2-build-macosx-x86_64/jdk8u25/1514/hotspot/src/share/vm/prims/jvm.cpp, line 1312]
Event: 36.164 Thread 0x00007fbe6aa99000 Exception <a 'java/security/PrivilegedActionException'> (0x00000007960b0938) thrown at [/HUDSON3/workspace/8-2-build-macosx-x86_64/jdk8u25/1514/hotspot/src/share/vm/prims/jvm.cpp, line 1312]
Event: 36.165 Thread 0x00007fbe6aa99000 Exception <a 'java/security/PrivilegedActionException'> (0x00000007960b9770) thrown at [/HUDSON3/workspace/8-2-build-macosx-x86_64/jdk8u25/1514/hotspot/src/share/vm/prims/jvm.cpp, line 1312]
Event: 36.166 Thread 0x00007fbe6aa99000 Exception <a 'java/security/PrivilegedActionException'> (0x00000007960d0bc0) thrown at [/HUDSON3/workspace/8-2-build-macosx-x86_64/jdk8u25/1514/hotspot/src/share/vm/prims/jvm.cpp, line 1312]
Event: 36.166 Thread 0x00007fbe6aa99000 Exception <a 'java/security/PrivilegedActionException'> (0x00000007960dd138) thrown at [/HUDSON3/workspace/8-2-build-macosx-x86_64/jdk8u25/1514/hotspot/src/share/vm/prims/jvm.cpp, line 1312]
Event: 36.189 Thread 0x00007fbe6aa99000 Exception <a 'java/security/PrivilegedActionException'> (0x0000000796108fa8) thrown at [/HUDSON3/workspace/8-2-build-macosx-x86_64/jdk8u25/1514/hotspot/src/share/vm/prims/jvm.cpp, line 1312]
Event: 36.195 Thread 0x00007fbe69a9c800 Implicit null exception at 0x000000010d408a75 to 0x000000010d408ddd
Event: 36.196 Thread 0x00007fbe69a9c800 Implicit null exception at 0x000000010d33bf75 to 0x000000010d33c2e1

Events (10 events):
Event: 457.471 Executing VM operation: RevokeBias
Event: 457.471 Executing VM operation: RevokeBias done
Event: 457.471 loading class sun/lwawt/macosx/CPlatformResponder
Event: 457.471 loading class sun/lwawt/macosx/CPlatformResponder done
Event: 457.471 loading class sun/java2d/opengl/CGLLayer
Event: 457.471 loading class sun/java2d/opengl/CGLLayer done
Event: 457.498 Executing VM operation: RevokeBias
Event: 457.498 Executing VM operation: RevokeBias done
Event: 457.499 loading class sun/lwawt/macosx/CWrapper$NSWindow
Event: 457.499 loading class sun/lwawt/macosx/CWrapper$NSWindow done


Dynamic libraries:
0x0000000003b27000 	/System/Library/Frameworks/Cocoa.framework/Versions/A/Cocoa
0x0000000003b27000 	/System/Library/Frameworks/Security.framework/Versions/A/Security
0x0000000003b27000 	/System/Library/Frameworks/ApplicationServices.framework/Versions/A/ApplicationServices
0x0000000003b27000 	/usr/lib/libz.1.dylib
0x0000000003b27000 	/usr/lib/libSystem.B.dylib
0x0000000003b27000 	/usr/lib/libobjc.A.dylib
0x0000000003b27000 	/System/Library/Frameworks/CoreFoundation.framework/Versions/A/CoreFoundation
0x0000000003b27000 	/System/Library/Frameworks/Foundation.framework/Versions/C/Foundation
0x0000000003b27000 	/System/Library/Frameworks/AppKit.framework/Versions/C/AppKit
0x0000000003b27000 	/System/Library/Frameworks/CoreData.framework/Versions/A/CoreData
0x0000000003b27000 	/System/Library/PrivateFrameworks/RemoteViewServices.framework/Versions/A/RemoteViewServices
0x0000000003b27000 	/System/Library/PrivateFrameworks/UIFoundation.framework/Versions/A/UIFoundation
0x0000000003b27000 	/System/Library/Frameworks/IOSurface.framework/Versions/A/IOSurface
0x0000000003b27000 	/System/Library/Frameworks/AudioToolbox.framework/Versions/A/AudioToolbox
0x0000000003b27000 	/System/Library/Frameworks/AudioUnit.framework/Versions/A/AudioUnit
0x0000000003b27000 	/System/Library/PrivateFrameworks/DataDetectorsCore.framework/Versions/A/DataDetectorsCore
0x0000000003b27000 	/System/Library/PrivateFrameworks/DesktopServicesPriv.framework/Versions/A/DesktopServicesPriv
0x0000000003b27000 	/System/Library/Frameworks/Carbon.framework/Versions/A/Frameworks/HIToolbox.framework/Versions/A/HIToolbox
0x0000000003b27000 	/System/Library/Frameworks/QuartzCore.framework/Versions/A/QuartzCore
0x0000000003b27000 	/System/Library/Frameworks/Carbon.framework/Versions/A/Frameworks/SpeechRecognition.framework/Versions/A/SpeechRecognition
0x0000000003b27000 	/usr/lib/libauto.dylib
0x0000000003b27000 	/usr/lib/libicucore.A.dylib
0x0000000003b27000 	/usr/lib/libxml2.2.dylib
0x0000000003b27000 	/System/Library/PrivateFrameworks/CoreUI.framework/Versions/A/CoreUI
0x0000000003b27000 	/System/Library/Frameworks/CoreAudio.framework/Versions/A/CoreAudio
0x0000000003b27000 	/System/Library/Frameworks/DiskArbitration.framework/Versions/A/DiskArbitration
0x0000000003b27000 	/usr/lib/liblangid.dylib
0x0000000003b27000 	/System/Library/PrivateFrameworks/MultitouchSupport.framework/Versions/A/MultitouchSupport
0x0000000003b27000 	/System/Library/Frameworks/IOKit.framework/Versions/A/IOKit
0x0000000003b27000 	/usr/lib/libDiagnosticMessagesClient.dylib
0x0000000003b27000 	/System/Library/Frameworks/CoreServices.framework/Versions/A/CoreServices
0x0000000003b27000 	/System/Library/PrivateFrameworks/PerformanceAnalysis.framework/Versions/A/PerformanceAnalysis
0x0000000003b27000 	/System/Library/PrivateFrameworks/GenerationalStorage.framework/Versions/A/GenerationalStorage
0x0000000003b27000 	/System/Library/Frameworks/OpenGL.framework/Versions/A/OpenGL
0x0000000003b27000 	/System/Library/PrivateFrameworks/Sharing.framework/Versions/A/Sharing
0x0000000003b27000 	/System/Library/Frameworks/CoreGraphics.framework/Versions/A/CoreGraphics
0x0000000003b27000 	/System/Library/Frameworks/CoreText.framework/Versions/A/CoreText
0x0000000003b27000 	/System/Library/Frameworks/ImageIO.framework/Versions/A/ImageIO
0x0000000003b27000 	/usr/lib/libextension.dylib
0x0000000003b27000 	/System/Library/PrivateFrameworks/Backup.framework/Versions/A/Backup
0x0000000003b27000 	/usr/lib/libarchive.2.dylib
0x0000000003b27000 	/System/Library/Frameworks/CFNetwork.framework/Versions/A/CFNetwork
0x0000000003b27000 	/System/Library/Frameworks/SystemConfiguration.framework/Versions/A/SystemConfiguration
0x0000000003b27000 	/usr/lib/libCRFSuite.dylib
0x0000000003b27000 	/usr/lib/libc++.1.dylib
0x0000000003b27000 	/usr/lib/libc++abi.dylib
0x0000000003b27000 	/usr/lib/system/libcache.dylib
0x0000000003b27000 	/usr/lib/system/libcommonCrypto.dylib
0x0000000003b27000 	/usr/lib/system/libcompiler_rt.dylib
0x0000000003b27000 	/usr/lib/system/libcopyfile.dylib
0x0000000003b27000 	/usr/lib/system/libcorecrypto.dylib
0x0000000003b27000 	/usr/lib/system/libdispatch.dylib
0x0000000003b27000 	/usr/lib/system/libdyld.dylib
0x0000000003b27000 	/usr/lib/system/libkeymgr.dylib
0x0000000003b27000 	/usr/lib/system/liblaunch.dylib
0x0000000003b27000 	/usr/lib/system/libmacho.dylib
0x0000000003b27000 	/usr/lib/system/libquarantine.dylib
0x0000000003b27000 	/usr/lib/system/libremovefile.dylib
0x0000000003b27000 	/usr/lib/system/libsystem_asl.dylib
0x0000000003b27000 	/usr/lib/system/libsystem_blocks.dylib
0x0000000003b27000 	/usr/lib/system/libsystem_c.dylib
0x0000000003b27000 	/usr/lib/system/libsystem_configuration.dylib
0x0000000003b27000 	/usr/lib/system/libsystem_coreservices.dylib
0x0000000003b27000 	/usr/lib/system/libsystem_coretls.dylib
0x0000000003b27000 	/usr/lib/system/libsystem_dnssd.dylib
0x0000000003b27000 	/usr/lib/system/libsystem_info.dylib
0x0000000003b27000 	/usr/lib/system/libsystem_kernel.dylib
0x0000000003b27000 	/usr/lib/system/libsystem_m.dylib
0x0000000003b27000 	/usr/lib/system/libsystem_malloc.dylib
0x0000000003b27000 	/usr/lib/system/libsystem_network.dylib
0x0000000003b27000 	/usr/lib/system/libsystem_networkextension.dylib
0x0000000003b27000 	/usr/lib/system/libsystem_notify.dylib
0x0000000003b27000 	/usr/lib/system/libsystem_platform.dylib
0x0000000003b27000 	/usr/lib/system/libsystem_pthread.dylib
0x0000000003b27000 	/usr/lib/system/libsystem_sandbox.dylib
0x0000000003b27000 	/usr/lib/system/libsystem_secinit.dylib
0x0000000003b27000 	/usr/lib/system/libsystem_stats.dylib
0x0000000003b27000 	/usr/lib/system/libsystem_trace.dylib
0x0000000003b27000 	/usr/lib/system/libunc.dylib
0x0000000003b27000 	/usr/lib/system/libunwind.dylib
0x0000000003b27000 	/usr/lib/system/libxpc.dylib
0x0000000003b27000 	/usr/lib/libbz2.1.0.dylib
0x0000000003b27000 	/usr/lib/liblzma.5.dylib
0x0000000003b27000 	/usr/lib/libbsm.0.dylib
0x0000000003b27000 	/usr/lib/libsqlite3.dylib
0x0000000003b27000 	/usr/lib/system/libkxld.dylib
0x0000000003b27000 	/usr/lib/libxar.1.dylib
0x0000000003b27000 	/usr/lib/libpam.2.dylib
0x0000000003b27000 	/usr/lib/libOpenScriptingUtil.dylib
0x0000000003b27000 	/System/Library/Frameworks/CoreServices.framework/Versions/A/Frameworks/FSEvents.framework/Versions/A/FSEvents
0x0000000003b27000 	/System/Library/Frameworks/CoreServices.framework/Versions/A/Frameworks/CarbonCore.framework/Versions/A/CarbonCore
0x0000000003b27000 	/System/Library/Frameworks/CoreServices.framework/Versions/A/Frameworks/Metadata.framework/Versions/A/Metadata
0x0000000003b27000 	/System/Library/Frameworks/CoreServices.framework/Versions/A/Frameworks/OSServices.framework/Versions/A/OSServices
0x0000000003b27000 	/System/Library/Frameworks/CoreServices.framework/Versions/A/Frameworks/SearchKit.framework/Versions/A/SearchKit
0x0000000003b27000 	/System/Library/Frameworks/CoreServices.framework/Versions/A/Frameworks/AE.framework/Versions/A/AE
0x0000000003b27000 	/System/Library/Frameworks/CoreServices.framework/Versions/A/Frameworks/LaunchServices.framework/Versions/A/LaunchServices
0x0000000003b27000 	/System/Library/Frameworks/CoreServices.framework/Versions/A/Frameworks/DictionaryServices.framework/Versions/A/DictionaryServices
0x0000000003b27000 	/System/Library/Frameworks/NetFS.framework/Versions/A/NetFS
0x0000000003b27000 	/System/Library/PrivateFrameworks/NetAuth.framework/Versions/A/NetAuth
0x0000000003b27000 	/System/Library/PrivateFrameworks/login.framework/Versions/A/Frameworks/loginsupport.framework/Versions/A/loginsupport
0x0000000003b27000 	/System/Library/PrivateFrameworks/TCC.framework/Versions/A/TCC
0x0000000003b27000 	/usr/lib/libmecabra.dylib
0x0000000003b27000 	/System/Library/Frameworks/ApplicationServices.framework/Versions/A/Frameworks/ATS.framework/Versions/A/ATS
0x0000000003b27000 	/System/Library/Frameworks/ApplicationServices.framework/Versions/A/Frameworks/ColorSync.framework/Versions/A/ColorSync
0x0000000003b27000 	/System/Library/Frameworks/ApplicationServices.framework/Versions/A/Frameworks/HIServices.framework/Versions/A/HIServices
0x0000000003b27000 	/System/Library/Frameworks/ApplicationServices.framework/Versions/A/Frameworks/LangAnalysis.framework/Versions/A/LangAnalysis
0x0000000003b27000 	/System/Library/Frameworks/ApplicationServices.framework/Versions/A/Frameworks/PrintCore.framework/Versions/A/PrintCore
0x0000000003b27000 	/System/Library/Frameworks/ApplicationServices.framework/Versions/A/Frameworks/QD.framework/Versions/A/QD
0x0000000003b27000 	/System/Library/Frameworks/ApplicationServices.framework/Versions/A/Frameworks/SpeechSynthesis.framework/Versions/A/SpeechSynthesis
0x0000000003b27000 	/System/Library/Frameworks/Accelerate.framework/Versions/A/Accelerate
0x0000000003b27000 	/System/Library/Frameworks/Accelerate.framework/Versions/A/Frameworks/vImage.framework/Versions/A/vImage
0x0000000003b27000 	/System/Library/Frameworks/Accelerate.framework/Versions/A/Frameworks/vecLib.framework/Versions/A/vecLib
0x0000000003b27000 	/System/Library/Frameworks/Accelerate.framework/Versions/A/Frameworks/vecLib.framework/Versions/A/libvDSP.dylib
0x0000000003b27000 	/System/Library/Frameworks/Accelerate.framework/Versions/A/Frameworks/vecLib.framework/Versions/A/libvMisc.dylib
0x0000000003b27000 	/System/Library/Frameworks/Accelerate.framework/Versions/A/Frameworks/vecLib.framework/Versions/A/libLAPACK.dylib
0x0000000003b27000 	/System/Library/Frameworks/Accelerate.framework/Versions/A/Frameworks/vecLib.framework/Versions/A/libBLAS.dylib
0x0000000003b27000 	/System/Library/Frameworks/Accelerate.framework/Versions/A/Frameworks/vecLib.framework/Versions/A/libLinearAlgebra.dylib
0x0000000003b27000 	/System/Library/Frameworks/ApplicationServices.framework/Versions/A/Frameworks/ATS.framework/Versions/A/Resources/libFontParser.dylib
0x0000000003b27000 	/System/Library/Frameworks/ApplicationServices.framework/Versions/A/Frameworks/ATS.framework/Versions/A/Resources/libFontRegistry.dylib
0x0000000003b27000 	/System/Library/PrivateFrameworks/AppleVPA.framework/Versions/A/AppleVPA
0x0000000003b27000 	/System/Library/PrivateFrameworks/AppleJPEG.framework/Versions/A/AppleJPEG
0x0000000003b27000 	/System/Library/Frameworks/ImageIO.framework/Versions/A/Resources/libJPEG.dylib
0x0000000003b27000 	/System/Library/Frameworks/ImageIO.framework/Versions/A/Resources/libTIFF.dylib
0x0000000003b27000 	/System/Library/Frameworks/ImageIO.framework/Versions/A/Resources/libPng.dylib
0x0000000003b27000 	/System/Library/Frameworks/ImageIO.framework/Versions/A/Resources/libGIF.dylib
0x0000000003b27000 	/System/Library/Frameworks/ImageIO.framework/Versions/A/Resources/libJP2.dylib
0x0000000003b27000 	/System/Library/Frameworks/ImageIO.framework/Versions/A/Resources/libRadiance.dylib
0x0000000003b27000 	/System/Library/Frameworks/CoreVideo.framework/Versions/A/CoreVideo
0x0000000003b27000 	/System/Library/Frameworks/OpenGL.framework/Versions/A/Libraries/libGLU.dylib
0x0000000003b27000 	/System/Library/Frameworks/OpenGL.framework/Versions/A/Libraries/libGFXShared.dylib
0x0000000003b27000 	/System/Library/Frameworks/OpenGL.framework/Versions/A/Libraries/libGL.dylib
0x0000000003b27000 	/System/Library/Frameworks/OpenGL.framework/Versions/A/Libraries/libGLImage.dylib
0x0000000003b27000 	/System/Library/Frameworks/OpenGL.framework/Versions/A/Libraries/libCVMSPluginSupport.dylib
0x0000000003b27000 	/System/Library/Frameworks/OpenGL.framework/Versions/A/Libraries/libCoreVMClient.dylib
0x0000000003b27000 	/usr/lib/libcups.2.dylib
0x0000000003b27000 	/System/Library/Frameworks/Kerberos.framework/Versions/A/Kerberos
0x0000000003b27000 	/System/Library/Frameworks/GSS.framework/Versions/A/GSS
0x0000000003b27000 	/usr/lib/libresolv.9.dylib
0x0000000003b27000 	/usr/lib/libiconv.2.dylib
0x0000000003b27000 	/System/Library/PrivateFrameworks/Heimdal.framework/Versions/A/Heimdal
0x0000000003b27000 	/usr/lib/libheimdal-asn1.dylib
0x0000000003b27000 	/System/Library/Frameworks/OpenDirectory.framework/Versions/A/OpenDirectory
0x0000000003b27000 	/System/Library/PrivateFrameworks/CommonAuth.framework/Versions/A/CommonAuth
0x0000000003b27000 	/System/Library/Frameworks/OpenDirectory.framework/Versions/A/Frameworks/CFOpenDirectory.framework/Versions/A/CFOpenDirectory
0x0000000003b27000 	/System/Library/Frameworks/SecurityFoundation.framework/Versions/A/SecurityFoundation
0x0000000003b27000 	/System/Library/PrivateFrameworks/LanguageModeling.framework/Versions/A/LanguageModeling
0x0000000003b27000 	/usr/lib/libcmph.dylib
0x0000000003b27000 	/System/Library/Frameworks/ServiceManagement.framework/Versions/A/ServiceManagement
0x0000000003b27000 	/usr/lib/libxslt.1.dylib
0x0000000003b27000 	/System/Library/Frameworks/Carbon.framework/Versions/A/Frameworks/Ink.framework/Versions/A/Ink
0x0000000003b27000 	/System/Library/Frameworks/QuartzCore.framework/Versions/A/Frameworks/CoreImage.framework/Versions/A/CoreImage
0x0000000003b27000 	/System/Library/PrivateFrameworks/CrashReporterSupport.framework/Versions/A/CrashReporterSupport
0x0000000003b27000 	/System/Library/Frameworks/OpenCL.framework/Versions/A/OpenCL
0x0000000003b27000 	/System/Library/PrivateFrameworks/FaceCore.framework/Versions/A/FaceCore
0x0000000003b27000 	/System/Library/PrivateFrameworks/Ubiquity.framework/Versions/A/Ubiquity
0x0000000003b27000 	/System/Library/PrivateFrameworks/IconServices.framework/Versions/A/IconServices
0x0000000003b27000 	/System/Library/PrivateFrameworks/ChunkingLibrary.framework/Versions/A/ChunkingLibrary
0x0000000003b27000 	/System/Library/PrivateFrameworks/Apple80211.framework/Versions/A/Apple80211
0x0000000003b27000 	/System/Library/Frameworks/CoreWLAN.framework/Versions/A/CoreWLAN
0x0000000003b27000 	/System/Library/Frameworks/IOBluetooth.framework/Versions/A/IOBluetooth
0x0000000003b27000 	/System/Library/PrivateFrameworks/CoreWiFi.framework/Versions/A/CoreWiFi
0x0000000003b27000 	/System/Library/Frameworks/CoreBluetooth.framework/Versions/A/CoreBluetooth
0x0000000003b27000 	/System/Library/PrivateFrameworks/DebugSymbols.framework/Versions/A/DebugSymbols
0x0000000003b27000 	/System/Library/PrivateFrameworks/CoreSymbolication.framework/Versions/A/CoreSymbolication
0x0000000003b27000 	/System/Library/PrivateFrameworks/Symbolication.framework/Versions/A/Symbolication
0x0000000003b27000 	/System/Library/PrivateFrameworks/SpeechRecognitionCore.framework/Versions/A/SpeechRecognitionCore
0x000000010b880000 	/Library/Java/JavaVirtualMachines/jdk1.8.0_25.jdk/Contents/Home/jre/lib/server/libjvm.dylib
0x0000000003b27000 	/usr/lib/libstdc++.6.dylib
0x000000010c7b3000 	/Library/Java/JavaVirtualMachines/jdk1.8.0_25.jdk/Contents/Home/jre/lib/libverify.dylib
0x000000010c7c1000 	/Library/Java/JavaVirtualMachines/jdk1.8.0_25.jdk/Contents/Home/jre/lib/libjava.dylib
0x000000010d103000 	/Library/Java/JavaVirtualMachines/jdk1.8.0_25.jdk/Contents/Home/jre/lib/libzip.dylib
0x0000000123180000 	/System/Library/Frameworks/JavaVM.framework/Frameworks/JavaRuntimeSupport.framework/JavaRuntimeSupport
0x0000000123198000 	/System/Library/Frameworks/JavaVM.framework/Versions/A/Frameworks/JavaNativeFoundation.framework/Versions/A/JavaNativeFoundation
0x00000001231ad000 	/System/Library/Frameworks/JavaVM.framework/Versions/A/JavaVM
0x0000000003b27000 	/System/Library/Frameworks/Carbon.framework/Versions/A/Carbon
0x00000001231ba000 	/System/Library/PrivateFrameworks/JavaLaunching.framework/Versions/A/JavaLaunching
0x0000000003b27000 	/System/Library/Frameworks/Carbon.framework/Versions/A/Frameworks/CommonPanels.framework/Versions/A/CommonPanels
0x0000000003b27000 	/System/Library/Frameworks/Carbon.framework/Versions/A/Frameworks/Help.framework/Versions/A/Help
0x0000000003b27000 	/System/Library/Frameworks/Carbon.framework/Versions/A/Frameworks/ImageCapture.framework/Versions/A/ImageCapture
0x0000000003b27000 	/System/Library/Frameworks/Carbon.framework/Versions/A/Frameworks/OpenScripting.framework/Versions/A/OpenScripting
0x0000000003b27000 	/System/Library/Frameworks/Carbon.framework/Versions/A/Frameworks/Print.framework/Versions/A/Print
0x0000000003b27000 	/System/Library/Frameworks/Carbon.framework/Versions/A/Frameworks/SecurityHI.framework/Versions/A/SecurityHI
0x00000001256a9000 	/Applications/IntelliJ IDEA 14 CE.app/Contents/bin/libbreakgen64.jnilib
0x00000001257af000 	/Library/Java/JavaVirtualMachines/jdk1.8.0_25.jdk/Contents/Home/jre/lib/libnet.dylib
0x0000000125aa0000 	/Library/Java/JavaVirtualMachines/jdk1.8.0_25.jdk/Contents/Home/jre/lib/libprism_es2.dylib
0x0000000003b27000 	/System/Library/Frameworks/OpenGL.framework/Versions/A/Resources/GLEngine.bundle/GLEngine
0x0000000003b27000 	/System/Library/Frameworks/OpenGL.framework/Versions/A/Libraries/libGLProgrammability.dylib
0x0000000000000000 	/System/Library/Extensions/AppleIntelHD5000GraphicsGLDriver.bundle/Contents/MacOS/AppleIntelHD5000GraphicsGLDriver
0x0000000003b27000 	/System/Library/PrivateFrameworks/IOAccelerator.framework/Versions/A/IOAccelerator
0x0000000003b27000 	/System/Library/PrivateFrameworks/GPUSupport.framework/Versions/A/Libraries/libGPUSupportMercury.dylib
0x0000000003b27000 	/System/Library/Frameworks/OpenGL.framework/Versions/A/Resources/GLRendererFloat.bundle/GLRendererFloat
0x0000000003b27000 	/System/Library/Frameworks/OpenCL.framework/Versions/A/Libraries/libcldcpuengine.dylib
0x0000000003b27000 	/System/Library/PrivateFrameworks/DiskImages.framework/Versions/A/DiskImages
0x0000000003b27000 	/System/Library/Frameworks/DiscRecording.framework/Versions/A/DiscRecording
0x0000000003b27000 	/usr/lib/libcsfde.dylib
0x0000000003b27000 	/usr/lib/libcurl.4.dylib
0x0000000003b27000 	/System/Library/PrivateFrameworks/MediaKit.framework/Versions/A/MediaKit
0x0000000003b27000 	/System/Library/PrivateFrameworks/ProtectedCloudStorage.framework/Versions/A/ProtectedCloudStorage
0x0000000003b27000 	/usr/lib/libCoreStorage.dylib
0x0000000003b27000 	/System/Library/PrivateFrameworks/EFILogin.framework/Versions/A/EFILogin
0x0000000003b27000 	/usr/lib/libutil.dylib
0x0000000003b27000 	/System/Library/PrivateFrameworks/FindMyDevice.framework/Versions/A/FindMyDevice
0x0000000003b27000 	/System/Library/Frameworks/LDAP.framework/Versions/A/LDAP
0x0000000003b27000 	/usr/lib/libsasl2.2.dylib
0x0000000003b27000 	/System/Library/PrivateFrameworks/CoreDaemon.framework/Versions/B/CoreDaemon
0x0000000003b27000 	/usr/lib/libcrypto.0.9.8.dylib
0x0000000003b27000 	/System/Library/PrivateFrameworks/AppleSRP.framework/Versions/A/AppleSRP
0x0000000003b27000 	/System/Library/PrivateFrameworks/TrustEvaluationAgent.framework/Versions/A/TrustEvaluationAgent
0x0000000125f4d000 	/Library/Java/JavaVirtualMachines/jdk1.8.0_25.jdk/Contents/Home/jre/lib/libglass.dylib
0x0000000003b27000 	/System/Library/PrivateFrameworks/CoreServicesInternal.framework/Versions/A/CoreServicesInternal
0x0000000003b27000 	/System/Library/PrivateFrameworks/CloudDocs.framework/Versions/A/CloudDocs
0x0000000003b27000 	/System/Library/PrivateFrameworks/CoreDuet.framework/Versions/A/CoreDuet
0x0000000003b27000 	/System/Library/Frameworks/CloudKit.framework/Versions/A/CloudKit
0x0000000003b27000 	/System/Library/PrivateFrameworks/ProtocolBuffer.framework/Versions/A/ProtocolBuffer
0x0000000003b27000 	/System/Library/PrivateFrameworks/CoreDuetDaemonProtocol.framework/Versions/A/CoreDuetDaemonProtocol
0x0000000003b27000 	/System/Library/PrivateFrameworks/CoreDuetDebugLogging.framework/Versions/A/CoreDuetDebugLogging
0x0000000003b27000 	/System/Library/Frameworks/CoreLocation.framework/Versions/A/CoreLocation
0x0000000003b27000 	/System/Library/Frameworks/Accounts.framework/Versions/A/Accounts
0x0000000003b27000 	/System/Library/PrivateFrameworks/ApplePushService.framework/Versions/A/ApplePushService
0x0000000003b27000 	/System/Library/PrivateFrameworks/GeoServices.framework/Versions/A/GeoServices
0x0000000003b27000 	/System/Library/PrivateFrameworks/OAuth.framework/Versions/A/OAuth
0x0000000003b27000 	/System/Library/Frameworks/CoreGraphics.framework/Versions/A/Resources/libCGCMS.A.dylib
0x0000000003b27000 	/System/Library/CoreServices/RawCamera.bundle/Contents/MacOS/RawCamera
0x0000000003b27000 	/System/Library/Frameworks/CoreGraphics.framework/Versions/A/Resources/libRIP.A.dylib
0x0000000003b27000 	/System/Library/PrivateFrameworks/FamilyControls.framework/Versions/A/FamilyControls
0x0000000003b27000 	/System/Library/PrivateFrameworks/CommerceKit.framework/Versions/A/Frameworks/CommerceCore.framework/Versions/A/CommerceCore
0x0000000003b27000 	/System/Library/PrivateFrameworks/SystemAdministration.framework/Versions/A/SystemAdministration
0x0000000003b27000 	/System/Library/PrivateFrameworks/AppContainer.framework/Versions/A/AppContainer
0x0000000003b27000 	/System/Library/PrivateFrameworks/SecCodeWrapper.framework/Versions/A/SecCodeWrapper
0x0000000003b27000 	/System/Library/Frameworks/DirectoryService.framework/Versions/A/DirectoryService
0x0000000003b27000 	/System/Library/PrivateFrameworks/LoginUIKit.framework/Versions/A/Frameworks/LoginUICore.framework/Versions/A/LoginUICore
0x0000000003b27000 	/usr/lib/libodfde.dylib
0x0000000003b27000 	/System/Library/Frameworks/CoreGraphics.framework/Versions/A/Resources/libCGXType.A.dylib
0x000000012aa52000 	/Library/Java/JavaVirtualMachines/jdk1.8.0_25.jdk/Contents/Home/jre/lib/libjavafx_font.dylib
0x000000012b209000 	/Library/Java/JavaVirtualMachines/jdk1.8.0_25.jdk/Contents/Home/jre/lib/libprism_common.dylib
0x000000012bd78000 	cl_kernels
0x000000012bd7a000 	/System/Library/Frameworks/OpenCL.framework/Versions/A/Libraries/ImageFormats/unorm8_bgra.dylib
0x000000012bd6a000 	cl_kernels
0x00000001231c7000 	/Library/Java/JavaVirtualMachines/jdk1.8.0_25.jdk/Contents/Home/jre/lib/libawt.dylib
0x000000012f13f000 	/Library/Java/JavaVirtualMachines/jdk1.8.0_25.jdk/Contents/Home/jre/lib/./libmlib_image.dylib
0x000000012f20b000 	/Library/Java/JavaVirtualMachines/jdk1.8.0_25.jdk/Contents/Home/jre/lib/libawt_lwawt.dylib
0x0000000123276000 	/Library/Java/JavaVirtualMachines/jdk1.8.0_25.jdk/Contents/Home/jre/lib/./libosxapp.dylib
0x0000000003b27000 	/System/Library/Frameworks/ExceptionHandling.framework/Versions/A/ExceptionHandling
0x0000000126133000 	/Library/Java/JavaVirtualMachines/jdk1.8.0_25.jdk/Contents/Home/jre/lib/libfontmanager.dylib
0x0000000123345000 	/Library/Java/JavaVirtualMachines/jdk1.8.0_25.jdk/Contents/Home/jre/lib/libosxui.dylib
0x000000012bc76000 	/Library/Java/JavaVirtualMachines/jdk1.8.0_25.jdk/Contents/Home/jre/lib/libnio.dylib

VM Arguments:
jvm_args: -Didea.launcher.port=7533 -Didea.launcher.bin.path=/Applications/IntelliJ IDEA 14 CE.app/Contents/bin -Dfile.encoding=UTF-8 
java_command: com.intellij.rt.execution.application.AppMain chat_client.ClientFX
java_class_path (initial): /Users/Xeronic/Documents/workspace/Prat/bin:/Library/Java/JavaVirtualMachines/jdk1.8.0_25.jdk/Contents/Home/lib/ant-javafx.jar:/Library/Java/JavaVirtualMachines/jdk1.8.0_25.jdk/Contents/Home/lib/dt.jar:/Library/Java/JavaVirtualMachines/jdk1.8.0_25.jdk/Contents/Home/lib/javafx-mx.jar:/Library/Java/JavaVirtualMachines/jdk1.8.0_25.jdk/Contents/Home/lib/jconsole.jar:/Library/Java/JavaVirtualMachines/jdk1.8.0_25.jdk/Contents/Home/lib/sa-jdi.jar:/Library/Java/JavaVirtualMachines/jdk1.8.0_25.jdk/Contents/Home/lib/tools.jar:/Library/Java/JavaVirtualMachines/jdk1.8.0_25.jdk/Contents/Home/jre/lib/charsets.jar:/Library/Java/JavaVirtualMachines/jdk1.8.0_25.jdk/Contents/Home/jre/lib/deploy.jar:/Library/Java/JavaVirtualMachines/jdk1.8.0_25.jdk/Contents/Home/jre/lib/javaws.jar:/Library/Java/JavaVirtualMachines/jdk1.8.0_25.jdk/Contents/Home/jre/lib/jce.jar:/Library/Java/JavaVirtualMachines/jdk1.8.0_25.jdk/Contents/Home/jre/lib/jfr.jar:/Library/Java/JavaVirtualMachines/jdk1.8.0_25.jdk/Contents/Home/jre/lib/jfxswt.jar:/Library/Java/JavaVirtualMachines/jdk1.8.0_25.jdk/Contents/Home/jre/lib/jsse.jar:/Library/Java/JavaVirtualMachines/jdk1.8.0_25.jdk/Contents/Home/jre/lib/management-agent.jar:/Library/Java/JavaVirtualMachines/jdk1.8.0_25.jdk/Contents/Home/jre/lib/plugin.jar:/Library/Java/JavaVirtualMachines/jdk1.8.0_25.jdk/Contents/Home/jre/lib/resources.jar:/Library/Java/JavaVirtualMachines/jdk1.8.0_25.jdk/Contents/Home/jre/lib/rt.jar:/Library/Java/JavaVirtualMachines/jdk1.8.0_25.jdk/Contents/Home/jre/lib/ext/cldrdata.jar:/Library/Java/JavaVirtualMachines/jdk1.8.0_25.jdk/Contents/Home/jre/lib/ext/dnsns.jar:/Library/Java/JavaVirtualMachines/jdk1.8.0_25.jdk/Contents/Home/jre/lib/ext/jfxrt.jar:/Library/Java/JavaVirtualMachines/jdk1.8.0_25.jdk/Contents/Home/jre/lib/ext/localedata.jar:/Library/Java/JavaVirtualMachines/jdk1.8.0_25.jdk/Contents/Home/jre/lib/ext/nashorn.jar:/Library/Java/JavaVirtualMachines/jdk1.8.0_25.jdk/Contents/Home/jre/lib/ext/sunec.jar:/Librar
Launcher Type: SUN_STANDARD

Environment Variables:
PATH=/Users/Xeronic/.rbenv/shims:/usr/local/bin:/usr/local/bin:/usr/bin:/bin:/usr/sbin:/sbin
SHELL=/bin/bash

Signal Handlers:
SIGSEGV: [libjvm.dylib+0x579dc7], sa_mask[0]=11111111011111110111111111111111, sa_flags=SA_ONSTACK|SA_RESTART|SA_SIGINFO
SIGBUS: [libjvm.dylib+0x579dc7], sa_mask[0]=11111111011111110111111111111111, sa_flags=SA_RESTART|SA_SIGINFO
SIGFPE: [libjvm.dylib+0x45b030], sa_mask[0]=11111111011111110111111111111111, sa_flags=SA_RESTART|SA_SIGINFO
SIGPIPE: [libjvm.dylib+0x45b030], sa_mask[0]=11111111011111110111111111111111, sa_flags=SA_RESTART|SA_SIGINFO
SIGXFSZ: [libjvm.dylib+0x45b030], sa_mask[0]=11111111011111110111111111111111, sa_flags=SA_RESTART|SA_SIGINFO
SIGILL: [libjvm.dylib+0x45b030], sa_mask[0]=11111111011111110111111111111111, sa_flags=SA_RESTART|SA_SIGINFO
SIGUSR1: SIG_DFL, sa_mask[0]=00000000000000000000000000000000, sa_flags=none
SIGUSR2: [libjvm.dylib+0x45ab4e], sa_mask[0]=00100000000000000000000000000000, sa_flags=SA_RESTART|SA_SIGINFO
SIGHUP: [libjvm.dylib+0x459121], sa_mask[0]=11111111011111110111111111111111, sa_flags=SA_RESTART|SA_SIGINFO
SIGINT: [libjvm.dylib+0x459121], sa_mask[0]=11111111011111110111111111111111, sa_flags=SA_RESTART|SA_SIGINFO
SIGTERM: [libjvm.dylib+0x459121], sa_mask[0]=11111111011111110111111111111111, sa_flags=SA_RESTART|SA_SIGINFO
SIGQUIT: [libjvm.dylib+0x459121], sa_mask[0]=11111111011111110111111111111111, sa_flags=SA_RESTART|SA_SIGINFO


---------------  S Y S T E M  ---------------

OS:Bsduname:Darwin 14.1.0 Darwin Kernel Version 14.1.0: Mon Dec 22 23:10:38 PST 2014; root:xnu-2782.10.72~2/RELEASE_X86_64 x86_64
rlimit: STACK 8192k, CORE 0k, NPROC 709, NOFILE 10240, AS infinity
load average:5.30 3.70 3.16

CPU:total 4 (2 cores per cpu, 2 threads per core) family 6 model 69 stepping 1, cmov, cx8, fxsr, mmx, sse, sse2, sse3, ssse3, sse4.1, sse4.2, popcnt, avx, avx2, aes, clmul, erms, lzcnt, ht, tsc, tscinvbit, bmi1, bmi2

Memory: 4k page, physical 8388608k(298508k free)

/proc/meminfo:


vm_info: Java HotSpot(TM) 64-Bit Server VM (25.25-b02) for bsd-amd64 JRE (1.8.0_25-b17), built on Sep 17 2014 16:56:50 by "java_re" with gcc 4.2.1 (Based on Apple Inc. build 5658) (LLVM build 2336.11.00)

time: Thu Mar 12 22:31:57 2015
elapsed time: 457 seconds (0d 0h 7m 37s)

