#
# A fatal error has been detected by the Java Runtime Environment:
#
#  SIGSEGV (0xb) at pc=0x0000000103363a3e, pid=13598, tid=1299
#
# JRE version: Java(TM) SE Runtime Environment (8.0_25-b17) (build 1.8.0_25-b17)
# Java VM: Java HotSpot(TM) 64-Bit Server VM (25.25-b02 mixed mode bsd-amd64 compressed oops)
# Problematic frame:
# V  [libjvm.dylib+0x163a3e]
#
# Failed to write core dump. Core dumps have been disabled. To enable core dumping, try "ulimit -c unlimited" before starting Java again
#
# If you would like to submit a bug report, please visit:
#   http://bugreport.sun.com/bugreport/crash.jsp
#

---------------  T H R E A D  ---------------

Current thread is native thread

siginfo: si_signo: 11 (SIGSEGV), si_code: 1 (SEGV_MAPERR), si_addr: 0x0000000000000260

Registers:
RAX=0x0000000000000000, RBX=0x0000000000000000, RCX=0x0000000000000000, RDX=0x0000000000000000
RSP=0x00007fff5d3d6cf0, RBP=0x00007fff5d3d6d00, RSI=0x0000000000000006, RDI=0x00007fff5d3d6d10
R8 =0x00007fff5d3d6df0, R9 =0x000000000000006d, R10=0x0000000000000003, R11=0x000000011a2411d0
R12=0x00007ff4c9c23060, R13=0x00000000000f43a2, R14=0x00007ff4cea05e50, R15=0x00007ff4cb92d1e8
RIP=0x0000000103363a3e, EFLAGS=0x0000000000010246, ERR=0x0000000000000006
  TRAPNO=0x000000000000000e

Top of Stack: (sp=0x00007fff5d3d6cf0)
0x00007fff5d3d6cf0:   0000000000000000 00007ff4cea05e50
0x00007fff5d3d6d00:   00007fff5d3d6d30 00000001034f93c1
0x00007fff5d3d6d10:   0000000000000000 00007ff4c9cc2830
0x00007fff5d3d6d20:   00007ff4cb92d1e8 00007fff5d3d6f40
0x00007fff5d3d6d30:   00007fff5d3d6d50 000000011a2411f5
0x00007fff5d3d6d40:   0000000000000000 00007ff4cb92d1e8
0x00007fff5d3d6d50:   00007fff5d3d6d70 000000011a24148f
0x00007fff5d3d6d60:   0000000000000000 00007ff4ceb052b0
0x00007fff5d3d6d70:   00007fff5d3d6e00 0000000125f267d4
0x00007fff5d3d6d80:   0000000000000000 0000000000000000
0x00007fff5d3d6d90:   0000000000000000 0000000000000000
0x00007fff5d3d6da0:   4054000000000000 0000000000000000
0x00007fff5d3d6db0:   4036000000000000 0000000000000000
0x00007fff5d3d6dc0:   0000000000000000 0000000000000000
0x00007fff5d3d6dd0:   0000000000000000 0000000000000000
0x00007fff5d3d6de0:   0000000000000000 00007fff5d3d6fd0
0x00007fff5d3d6df0:   00007ff4c9fd6740 00007fff5d3d6f40
0x00007fff5d3d6e00:   00007fff5d3d6e10 00007fff8c6a2cdc
0x00007fff5d3d6e10:   00007fff5d3d7170 00007fff8c594244
0x00007fff5d3d6e20:   0000000000000000 00007fff5d3d73b0
0x00007fff5d3d6e30:   00007fff748bdd40 00007fff751a1538
0x00007fff5d3d6e40:   00007fff5d3d6e70 0000000000000a38
0x00007fff5d3d6e50:   0000000000000000 00007ff4c9fd6740
0x00007fff5d3d6e60:   0000000000000000 00007fff5d3d6f40
0x00007fff5d3d6e70:   0000000000000000 00007ff4c9e4d1d0
0x00007fff5d3d6e80:   00007fff5d3d6fc0 000000000000006d
0x00007fff5d3d6e90:   00000000000f43c1 00007ff4c9cc4170
0x00007fff5d3d6ea0:   00007ff4c9fdf800 00007ff4c9c23060
0x00007fff5d3d6eb0:   0000000000000001 00000000000f43a2
0x00007fff5d3d6ec0:   00007ff4c9c23050 00007fff899fa434
0x00007fff5d3d6ed0:   00007fff5d3d6f70 00007fff89f72513
0x00007fff5d3d6ee0:   00007fff5d3d6f54 0000000000691b01 

Instructions: (pc=0x0000000103363a3e)
0x0000000103363a1e:   0e 48 8b 0b 49 8b 56 18 48 63 c0 48 89 0c c2 5b
0x0000000103363a2e:   41 5e 5d c3 90 90 55 48 89 e5 41 56 53 48 8b 1f
0x0000000103363a3e:   c7 83 60 02 00 00 05 00 00 00 48 8d 05 e9 8e 73
0x0000000103363a4e:   00 8b 00 83 f8 01 41 89 f6 7f 0c 48 8d 0d 06 0b 

Register to memory mapping:

RAX=0x0000000000000000 is an unknown value
RBX=0x0000000000000000 is an unknown value
RCX=0x0000000000000000 is an unknown value
RDX=0x0000000000000000 is an unknown value
RSP=0x00007fff5d3d6cf0 is an unknown value
RBP=0x00007fff5d3d6d00 is an unknown value
RSI=0x0000000000000006 is an unknown value
RDI=0x00007fff5d3d6d10 is an unknown value
R8 =0x00007fff5d3d6df0 is an unknown value
R9 =0x000000000000006d is an unknown value
R10=0x0000000000000003 is an unknown value
R11=0x000000011a2411d0: -[JNFWeakJObjectWrapper _getWithEnv:]+0 in /System/Library/Frameworks/JavaVM.framework/Versions/A/Frameworks/JavaNativeFoundation.framework/Versions/A/JavaNativeFoundation at 0x000000011a23b000
R12=0x00007ff4c9c23060 is an unknown value
R13=0x00000000000f43a2 is an unknown value
R14=0x00007ff4cea05e50 is a weak global jni handle
R15=0x00007ff4cb92d1e8 is an unknown value


Stack: [0x00007fff5cbdc000,0x00007fff5d3dc000],  sp=0x00007fff5d3d6cf0,  free space=8171k
Native frames: (J=compiled Java code, j=interpreted, Vv=VM code, C=native code)
V  [libjvm.dylib+0x163a3e]
V  [libjvm.dylib+0x2f93c1]
C  [JavaNativeFoundation+0x61f5]  -[JNFWeakJObjectWrapper _getWithEnv:]+0x25
C  [JavaNativeFoundation+0x648f]  -[JNFJObjectWrapper jObjectWithEnv:]+0x1d
C  [libawt_lwawt.dylib+0xa7d4]  -[AWTWindow _deliverMoveResizeEvent]+0xa4
C  [CoreFoundation+0x11ecdc]  __CFNOTIFICATIONCENTER_IS_CALLING_OUT_TO_AN_OBSERVER__+0xc
C  [CoreFoundation+0x10244]  _CFXNotificationPost+0xc44
C  [Foundation+0x2c31]  -[NSNotificationCenter postNotificationName:object:userInfo:]+0x42
C  [AppKit+0x1144bc]  -[NSWindow _setFrameCommon:display:stashSize:]+0xaf1
C  [libawt_lwawt.dylib+0xd043]  __Java_sun_lwawt_macosx_CPlatformWindow_nativeSetNSWindowBounds_block_invoke_1+0x11c
C  [JavaNativeFoundation+0x65f5]  +[JNFRunLoop _performCopiedBlock:]+0x14
C  [Foundation+0x65cdc]  __NSThreadPerformPerform+0x125
C  [CoreFoundation+0x80681]  __CFRUNLOOP_IS_CALLING_OUT_TO_A_SOURCE0_PERFORM_FUNCTION__+0x11
C  [CoreFoundation+0x728dc]  __CFRunLoopDoSources0+0x1dc
C  [CoreFoundation+0x71e3f]  __CFRunLoopRun+0x39f
C  [CoreFoundation+0x71858]  CFRunLoopRunSpecific+0x128
C  [java+0x56cc]  CreateExecutionEnvironment+0x367
C  [java+0x165c]  JLI_Launch+0x7a0
C  [java+0x768a]  main+0x65
C  [java+0xeb4]  start+0x34


---------------  P R O C E S S  ---------------

VM state:not at safepoint (normal execution)

VM Mutex/Monitor currently owned by a thread: None

Heap:
 PSYoungGen      total 38400K, used 15607K [0x0000000795580000, 0x0000000798000000, 0x00000007c0000000)
  eden space 33280K, 46% used [0x0000000795580000,0x00000007964bdfc0,0x0000000797600000)
  from space 5120K, 0% used [0x0000000797b00000,0x0000000797b00000,0x0000000798000000)
  to   space 5120K, 0% used [0x0000000797600000,0x0000000797600000,0x0000000797b00000)
 ParOldGen       total 73728K, used 17538K [0x0000000740000000, 0x0000000744800000, 0x0000000795580000)
  object space 73728K, 23% used [0x0000000740000000,0x0000000741120af0,0x0000000744800000)
 Metaspace       used 21728K, capacity 22734K, committed 23040K, reserved 1069056K
  class space    used 3061K, capacity 3242K, committed 3328K, reserved 1048576K

Card table byte_map: [0x00000001135df000,0x00000001139e0000] byte_map_base: 0x000000010fbdf000

Marking Bits: (ParMarkBitMap*) 0x0000000103a9d390
 Begin Bits: [0x0000000114097000, 0x0000000116097000)
 End Bits:   [0x0000000116097000, 0x0000000118097000)

Polling page: 0x000000010297b000

CodeCache: size=245760Kb used=7749Kb max_used=7795Kb free=238010Kb
 bounds [0x000000010421f000, 0x00000001049df000, 0x000000011321f000]
 total_blobs=3296 nmethods=2505 adapters=704
 compilation: enabled

Compilation events (10 events):
Event: 62.650 Thread 0x00007ff4cb824000 2656       3       javax.swing.UIDefaults$TextAndMnemonicHashMap::get (358 bytes)
Event: 62.656 Thread 0x00007ff4cb824000 nmethod 2656 0x00000001049c6250 code [0x00000001049c6cc0, 0x00000001049cedd8]
Event: 62.657 Thread 0x00007ff4cb824000 2658       3       java.awt.Component::checkTreeLock (21 bytes)
Event: 62.657 Thread 0x00007ff4cb824000 nmethod 2658 0x00000001045eb5d0 code [0x00000001045eb760, 0x00000001045eba98]
Event: 62.658 Thread 0x00007ff4cb824000 2661       1       java.awt.Component::getPeer (5 bytes)
Event: 62.658 Thread 0x00007ff4cb824000 nmethod 2661 0x000000010451e290 code [0x000000010451e3e0, 0x000000010451e4f0]
Event: 62.658 Thread 0x00007ff4cb824000 2660       1       java.awt.Color::getRGB (5 bytes)
Event: 62.659 Thread 0x00007ff4cb824000 nmethod 2660 0x00000001044cbf90 code [0x00000001044cc0e0, 0x00000001044cc1f0]
Event: 62.683 Thread 0x00007ff4cb824000 2662       1       sun.lwawt.LWComponentPeer::getStateLock (5 bytes)
Event: 62.683 Thread 0x00007ff4cb824000 nmethod 2662 0x00000001046746d0 code [0x0000000104674820, 0x0000000104674930]

GC Heap History (6 events):
Event: 8.715 GC heap before
{Heap before GC invocations=1 (full 0):
 PSYoungGen      total 38400K, used 33280K [0x0000000795580000, 0x0000000798000000, 0x00000007c0000000)
  eden space 33280K, 100% used [0x0000000795580000,0x0000000797600000,0x0000000797600000)
  from space 5120K, 0% used [0x0000000797b00000,0x0000000797b00000,0x0000000798000000)
  to   space 5120K, 0% used [0x0000000797600000,0x0000000797600000,0x0000000797b00000)
 ParOldGen       total 87552K, used 0K [0x0000000740000000, 0x0000000745580000, 0x0000000795580000)
  object space 87552K, 0% used [0x0000000740000000,0x0000000740000000,0x0000000745580000)
 Metaspace       used 14588K, capacity 15210K, committed 15360K, reserved 1062912K
  class space    used 2144K, capacity 2279K, committed 2304K, reserved 1048576K
Event: 8.722 GC heap after
Heap after GC invocations=1 (full 0):
 PSYoungGen      total 38400K, used 4835K [0x0000000795580000, 0x0000000798000000, 0x00000007c0000000)
  eden space 33280K, 0% used [0x0000000795580000,0x0000000795580000,0x0000000797600000)
  from space 5120K, 94% used [0x0000000797600000,0x0000000797ab8f40,0x0000000797b00000)
  to   space 5120K, 0% used [0x0000000797b00000,0x0000000797b00000,0x0000000798000000)
 ParOldGen       total 87552K, used 16K [0x0000000740000000, 0x0000000745580000, 0x0000000795580000)
  object space 87552K, 0% used [0x0000000740000000,0x0000000740004000,0x0000000745580000)
 Metaspace       used 14588K, capacity 15210K, committed 15360K, reserved 1062912K
  class space    used 2144K, capacity 2279K, committed 2304K, reserved 1048576K
}
Event: 23.956 GC heap before
{Heap before GC invocations=2 (full 0):
 PSYoungGen      total 38400K, used 27559K [0x0000000795580000, 0x0000000798000000, 0x00000007c0000000)
  eden space 33280K, 68% used [0x0000000795580000,0x0000000796bb1088,0x0000000797600000)
  from space 5120K, 94% used [0x0000000797600000,0x0000000797ab8f40,0x0000000797b00000)
  to   space 5120K, 0% used [0x0000000797b00000,0x0000000797b00000,0x0000000798000000)
 ParOldGen       total 87552K, used 16K [0x0000000740000000, 0x0000000745580000, 0x0000000795580000)
  object space 87552K, 0% used [0x0000000740000000,0x0000000740004000,0x0000000745580000)
 Metaspace       used 20353K, capacity 21220K, committed 21248K, reserved 1067008K
  class space    used 2889K, capacity 3065K, committed 3072K, reserved 1048576K
Event: 23.990 GC heap after
Heap after GC invocations=2 (full 0):
 PSYoungGen      total 38400K, used 5099K [0x0000000795580000, 0x0000000798000000, 0x00000007c0000000)
  eden space 33280K, 0% used [0x0000000795580000,0x0000000795580000,0x0000000797600000)
  from space 5120K, 99% used [0x0000000797b00000,0x0000000797ffae70,0x0000000798000000)
  to   space 5120K, 0% used [0x0000000797600000,0x0000000797600000,0x0000000797b00000)
 ParOldGen       total 87552K, used 18229K [0x0000000740000000, 0x0000000745580000, 0x0000000795580000)
  object space 87552K, 20% used [0x0000000740000000,0x00000007411cd690,0x0000000745580000)
 Metaspace       used 20353K, capacity 21220K, committed 21248K, reserved 1067008K
  class space    used 2889K, capacity 3065K, committed 3072K, reserved 1048576K
}
Event: 23.990 GC heap before
{Heap before GC invocations=3 (full 1):
 PSYoungGen      total 38400K, used 5099K [0x0000000795580000, 0x0000000798000000, 0x00000007c0000000)
  eden space 33280K, 0% used [0x0000000795580000,0x0000000795580000,0x0000000797600000)
  from space 5120K, 99% used [0x0000000797b00000,0x0000000797ffae70,0x0000000798000000)
  to   space 5120K, 0% used [0x0000000797600000,0x0000000797600000,0x0000000797b00000)
 ParOldGen       total 87552K, used 18229K [0x0000000740000000, 0x0000000745580000, 0x0000000795580000)
  object space 87552K, 20% used [0x0000000740000000,0x00000007411cd690,0x0000000745580000)
 Metaspace       used 20353K, capacity 21220K, committed 21248K, reserved 1067008K
  class space    used 2889K, capacity 3065K, committed 3072K, reserved 1048576K
Event: 24.037 GC heap after
Heap after GC invocations=3 (full 1):
 PSYoungGen      total 38400K, used 0K [0x0000000795580000, 0x0000000798000000, 0x00000007c0000000)
  eden space 33280K, 0% used [0x0000000795580000,0x0000000795580000,0x0000000797600000)
  from space 5120K, 0% used [0x0000000797b00000,0x0000000797b00000,0x0000000798000000)
  to   space 5120K, 0% used [0x0000000797600000,0x0000000797600000,0x0000000797b00000)
 ParOldGen       total 73728K, used 17538K [0x0000000740000000, 0x0000000744800000, 0x0000000795580000)
  object space 73728K, 23% used [0x0000000740000000,0x0000000741120af0,0x0000000744800000)
 Metaspace       used 20352K, capacity 21218K, committed 21248K, reserved 1067008K
  class space    used 2888K, capacity 3064K, committed 3072K, reserved 1048576K
}

Deoptimization events (10 events):
Event: 1.106 Thread 0x00007ff4cb92d000 Uncommon trap: reason=class_check action=maybe_recompile pc=0x0000000104462e90 method=java.io.DataInputStream.readShort()S @ 4
Event: 1.106 Thread 0x00007ff4cb92d000 Uncommon trap: reason=class_check action=maybe_recompile pc=0x0000000104462e90 method=java.io.DataInputStream.readShort()S @ 4
Event: 1.112 Thread 0x00007ff4cb92d000 Uncommon trap: reason=class_check action=maybe_recompile pc=0x000000010437ad10 method=java.lang.String.equals(Ljava/lang/Object;)Z @ 8
Event: 1.112 Thread 0x00007ff4cb92d000 Uncommon trap: reason=class_check action=maybe_recompile pc=0x000000010437ad10 method=java.lang.String.equals(Ljava/lang/Object;)Z @ 8
Event: 1.112 Thread 0x00007ff4cb92d000 Uncommon trap: reason=class_check action=maybe_recompile pc=0x000000010437ad10 method=java.lang.String.equals(Ljava/lang/Object;)Z @ 8
Event: 1.313 Thread 0x00007ff4cb92d000 Uncommon trap: reason=unloaded action=reinterpret pc=0x000000010444c3d8 method=java.lang.CharacterData.of(I)Ljava/lang/CharacterData; @ 96
Event: 1.351 Thread 0x00007ff4cb92d000 Uncommon trap: reason=class_check action=maybe_recompile pc=0x000000010437ad10 method=java.lang.String.equals(Ljava/lang/Object;)Z @ 8
Event: 8.726 Thread 0x00007ff4ca011800 Uncommon trap: reason=unreached action=reinterpret pc=0x000000010460287c method=java.lang.ref.ReferenceQueue.poll()Ljava/lang/ref/Reference; @ 4
Event: 23.759 Thread 0x00007ff4cba77800 Uncommon trap: reason=unreached action=reinterpret pc=0x000000010478c7f0 method=java.lang.AbstractStringBuilder.append(Ljava/lang/String;)Ljava/lang/AbstractStringBuilder; @ 1
Event: 23.760 Thread 0x00007ff4cba77800 Uncommon trap: reason=unreached action=reinterpret pc=0x000000010444bdf4 method=java.lang.AbstractStringBuilder.append(Ljava/lang/String;)Ljava/lang/AbstractStringBuilder; @ 1

Internal exceptions (10 events):
Event: 23.623 Thread 0x00007ff4ca892000 Exception <a 'java/security/PrivilegedActionException'> (0x0000000795dfdf48) thrown at [/HUDSON3/workspace/8-2-build-macosx-x86_64/jdk8u25/1514/hotspot/src/share/vm/prims/jvm.cpp, line 1312]
Event: 23.668 Thread 0x00007ff4ca892000 Exception <a 'java/security/PrivilegedActionException'> (0x0000000795f2fa48) thrown at [/HUDSON3/workspace/8-2-build-macosx-x86_64/jdk8u25/1514/hotspot/src/share/vm/prims/jvm.cpp, line 1312]
Event: 23.668 Thread 0x00007ff4ca892000 Exception <a 'java/security/PrivilegedActionException'> (0x0000000795f3b388) thrown at [/HUDSON3/workspace/8-2-build-macosx-x86_64/jdk8u25/1514/hotspot/src/share/vm/prims/jvm.cpp, line 1312]
Event: 23.740 Thread 0x00007ff4ca892000 Exception <a 'java/security/PrivilegedActionException'> (0x000000079600db90) thrown at [/HUDSON3/workspace/8-2-build-macosx-x86_64/jdk8u25/1514/hotspot/src/share/vm/prims/jvm.cpp, line 1312]
Event: 23.740 Thread 0x00007ff4ca892000 Exception <a 'java/security/PrivilegedActionException'> (0x00000007960169c8) thrown at [/HUDSON3/workspace/8-2-build-macosx-x86_64/jdk8u25/1514/hotspot/src/share/vm/prims/jvm.cpp, line 1312]
Event: 23.741 Thread 0x00007ff4ca892000 Exception <a 'java/security/PrivilegedActionException'> (0x000000079602de10) thrown at [/HUDSON3/workspace/8-2-build-macosx-x86_64/jdk8u25/1514/hotspot/src/share/vm/prims/jvm.cpp, line 1312]
Event: 23.741 Thread 0x00007ff4ca892000 Exception <a 'java/security/PrivilegedActionException'> (0x000000079603a388) thrown at [/HUDSON3/workspace/8-2-build-macosx-x86_64/jdk8u25/1514/hotspot/src/share/vm/prims/jvm.cpp, line 1312]
Event: 23.754 Thread 0x00007ff4ca892000 Exception <a 'java/security/PrivilegedActionException'> (0x0000000796065d50) thrown at [/HUDSON3/workspace/8-2-build-macosx-x86_64/jdk8u25/1514/hotspot/src/share/vm/prims/jvm.cpp, line 1312]
Event: 23.759 Thread 0x00007ff4cba77800 Implicit null exception at 0x000000010478c475 to 0x000000010478c7dd
Event: 23.760 Thread 0x00007ff4cba77800 Implicit null exception at 0x000000010444ba75 to 0x000000010444bde1

Events (10 events):
Event: 62.652 loading class sun/java2d/opengl/CGLLayer
Event: 62.652 loading class sun/java2d/opengl/CGLLayer done
Event: 62.656 Thread 0x00007ff4cb824000 flushing nmethod 0x00000001046746d0
Event: 62.658 Thread 0x00007ff4cb824000 flushing nmethod 0x000000010477bad0
Event: 62.658 Thread 0x00007ff4cb824000 flushing nmethod 0x000000010477f1d0
Event: 62.659 Thread 0x00007ff4cb824000 flushing nmethod 0x00000001047a4810
Event: 62.680 Executing VM operation: RevokeBias
Event: 62.680 Executing VM operation: RevokeBias done
Event: 62.680 loading class sun/lwawt/macosx/CWrapper$NSWindow
Event: 62.680 loading class sun/lwawt/macosx/CWrapper$NSWindow done


Dynamic libraries:
0x0000000003b27000 	/System/Library/Frameworks/Cocoa.framework/Versions/A/Cocoa
0x0000000003b27000 	/System/Library/Frameworks/Security.framework/Versions/A/Security
0x0000000003b27000 	/System/Library/Frameworks/ApplicationServices.framework/Versions/A/ApplicationServices
0x0000000003b27000 	/usr/lib/libz.1.dylib
0x0000000003b27000 	/usr/lib/libSystem.B.dylib
0x0000000003b27000 	/usr/lib/libobjc.A.dylib
0x0000000003b27000 	/System/Library/Frameworks/CoreFoundation.framework/Versions/A/CoreFoundation
0x0000000003b27000 	/System/Library/Frameworks/Foundation.framework/Versions/C/Foundation
0x0000000003b27000 	/System/Library/Frameworks/AppKit.framework/Versions/C/AppKit
0x0000000003b27000 	/System/Library/Frameworks/CoreData.framework/Versions/A/CoreData
0x0000000003b27000 	/System/Library/PrivateFrameworks/RemoteViewServices.framework/Versions/A/RemoteViewServices
0x0000000003b27000 	/System/Library/PrivateFrameworks/UIFoundation.framework/Versions/A/UIFoundation
0x0000000003b27000 	/System/Library/Frameworks/IOSurface.framework/Versions/A/IOSurface
0x0000000003b27000 	/System/Library/Frameworks/AudioToolbox.framework/Versions/A/AudioToolbox
0x0000000003b27000 	/System/Library/Frameworks/AudioUnit.framework/Versions/A/AudioUnit
0x0000000003b27000 	/System/Library/PrivateFrameworks/DataDetectorsCore.framework/Versions/A/DataDetectorsCore
0x0000000003b27000 	/System/Library/PrivateFrameworks/DesktopServicesPriv.framework/Versions/A/DesktopServicesPriv
0x0000000003b27000 	/System/Library/Frameworks/Carbon.framework/Versions/A/Frameworks/HIToolbox.framework/Versions/A/HIToolbox
0x0000000003b27000 	/System/Library/Frameworks/QuartzCore.framework/Versions/A/QuartzCore
0x0000000003b27000 	/System/Library/Frameworks/Carbon.framework/Versions/A/Frameworks/SpeechRecognition.framework/Versions/A/SpeechRecognition
0x0000000003b27000 	/usr/lib/libauto.dylib
0x0000000003b27000 	/usr/lib/libicucore.A.dylib
0x0000000003b27000 	/usr/lib/libxml2.2.dylib
0x0000000003b27000 	/System/Library/PrivateFrameworks/CoreUI.framework/Versions/A/CoreUI
0x0000000003b27000 	/System/Library/Frameworks/CoreAudio.framework/Versions/A/CoreAudio
0x0000000003b27000 	/System/Library/Frameworks/DiskArbitration.framework/Versions/A/DiskArbitration
0x0000000003b27000 	/usr/lib/liblangid.dylib
0x0000000003b27000 	/System/Library/PrivateFrameworks/MultitouchSupport.framework/Versions/A/MultitouchSupport
0x0000000003b27000 	/System/Library/Frameworks/IOKit.framework/Versions/A/IOKit
0x0000000003b27000 	/usr/lib/libDiagnosticMessagesClient.dylib
0x0000000003b27000 	/System/Library/Frameworks/CoreServices.framework/Versions/A/CoreServices
0x0000000003b27000 	/System/Library/PrivateFrameworks/PerformanceAnalysis.framework/Versions/A/PerformanceAnalysis
0x0000000003b27000 	/System/Library/PrivateFrameworks/GenerationalStorage.framework/Versions/A/GenerationalStorage
0x0000000003b27000 	/System/Library/Frameworks/OpenGL.framework/Versions/A/OpenGL
0x0000000003b27000 	/System/Library/PrivateFrameworks/Sharing.framework/Versions/A/Sharing
0x0000000003b27000 	/System/Library/Frameworks/CoreGraphics.framework/Versions/A/CoreGraphics
0x0000000003b27000 	/System/Library/Frameworks/CoreText.framework/Versions/A/CoreText
0x0000000003b27000 	/System/Library/Frameworks/ImageIO.framework/Versions/A/ImageIO
0x0000000003b27000 	/usr/lib/libextension.dylib
0x0000000003b27000 	/System/Library/PrivateFrameworks/Backup.framework/Versions/A/Backup
0x0000000003b27000 	/usr/lib/libarchive.2.dylib
0x0000000003b27000 	/System/Library/Frameworks/CFNetwork.framework/Versions/A/CFNetwork
0x0000000003b27000 	/System/Library/Frameworks/SystemConfiguration.framework/Versions/A/SystemConfiguration
0x0000000003b27000 	/usr/lib/libCRFSuite.dylib
0x0000000003b27000 	/usr/lib/libc++.1.dylib
0x0000000003b27000 	/usr/lib/libc++abi.dylib
0x0000000003b27000 	/usr/lib/system/libcache.dylib
0x0000000003b27000 	/usr/lib/system/libcommonCrypto.dylib
0x0000000003b27000 	/usr/lib/system/libcompiler_rt.dylib
0x0000000003b27000 	/usr/lib/system/libcopyfile.dylib
0x0000000003b27000 	/usr/lib/system/libcorecrypto.dylib
0x0000000003b27000 	/usr/lib/system/libdispatch.dylib
0x0000000003b27000 	/usr/lib/system/libdyld.dylib
0x0000000003b27000 	/usr/lib/system/libkeymgr.dylib
0x0000000003b27000 	/usr/lib/system/liblaunch.dylib
0x0000000003b27000 	/usr/lib/system/libmacho.dylib
0x0000000003b27000 	/usr/lib/system/libquarantine.dylib
0x0000000003b27000 	/usr/lib/system/libremovefile.dylib
0x0000000003b27000 	/usr/lib/system/libsystem_asl.dylib
0x0000000003b27000 	/usr/lib/system/libsystem_blocks.dylib
0x0000000003b27000 	/usr/lib/system/libsystem_c.dylib
0x0000000003b27000 	/usr/lib/system/libsystem_configuration.dylib
0x0000000003b27000 	/usr/lib/system/libsystem_coreservices.dylib
0x0000000003b27000 	/usr/lib/system/libsystem_coretls.dylib
0x0000000003b27000 	/usr/lib/system/libsystem_dnssd.dylib
0x0000000003b27000 	/usr/lib/system/libsystem_info.dylib
0x0000000003b27000 	/usr/lib/system/libsystem_kernel.dylib
0x0000000003b27000 	/usr/lib/system/libsystem_m.dylib
0x0000000003b27000 	/usr/lib/system/libsystem_malloc.dylib
0x0000000003b27000 	/usr/lib/system/libsystem_network.dylib
0x0000000003b27000 	/usr/lib/system/libsystem_networkextension.dylib
0x0000000003b27000 	/usr/lib/system/libsystem_notify.dylib
0x0000000003b27000 	/usr/lib/system/libsystem_platform.dylib
0x0000000003b27000 	/usr/lib/system/libsystem_pthread.dylib
0x0000000003b27000 	/usr/lib/system/libsystem_sandbox.dylib
0x0000000003b27000 	/usr/lib/system/libsystem_secinit.dylib
0x0000000003b27000 	/usr/lib/system/libsystem_stats.dylib
0x0000000003b27000 	/usr/lib/system/libsystem_trace.dylib
0x0000000003b27000 	/usr/lib/system/libunc.dylib
0x0000000003b27000 	/usr/lib/system/libunwind.dylib
0x0000000003b27000 	/usr/lib/system/libxpc.dylib
0x0000000003b27000 	/usr/lib/libbz2.1.0.dylib
0x0000000003b27000 	/usr/lib/liblzma.5.dylib
0x0000000003b27000 	/usr/lib/libbsm.0.dylib
0x0000000003b27000 	/usr/lib/libsqlite3.dylib
0x0000000003b27000 	/usr/lib/system/libkxld.dylib
0x0000000003b27000 	/usr/lib/libxar.1.dylib
0x0000000003b27000 	/usr/lib/libpam.2.dylib
0x0000000003b27000 	/usr/lib/libOpenScriptingUtil.dylib
0x0000000003b27000 	/System/Library/Frameworks/CoreServices.framework/Versions/A/Frameworks/FSEvents.framework/Versions/A/FSEvents
0x0000000003b27000 	/System/Library/Frameworks/CoreServices.framework/Versions/A/Frameworks/CarbonCore.framework/Versions/A/CarbonCore
0x0000000003b27000 	/System/Library/Frameworks/CoreServices.framework/Versions/A/Frameworks/Metadata.framework/Versions/A/Metadata
0x0000000003b27000 	/System/Library/Frameworks/CoreServices.framework/Versions/A/Frameworks/OSServices.framework/Versions/A/OSServices
0x0000000003b27000 	/System/Library/Frameworks/CoreServices.framework/Versions/A/Frameworks/SearchKit.framework/Versions/A/SearchKit
0x0000000003b27000 	/System/Library/Frameworks/CoreServices.framework/Versions/A/Frameworks/AE.framework/Versions/A/AE
0x0000000003b27000 	/System/Library/Frameworks/CoreServices.framework/Versions/A/Frameworks/LaunchServices.framework/Versions/A/LaunchServices
0x0000000003b27000 	/System/Library/Frameworks/CoreServices.framework/Versions/A/Frameworks/DictionaryServices.framework/Versions/A/DictionaryServices
0x0000000003b27000 	/System/Library/Frameworks/NetFS.framework/Versions/A/NetFS
0x0000000003b27000 	/System/Library/PrivateFrameworks/NetAuth.framework/Versions/A/NetAuth
0x0000000003b27000 	/System/Library/PrivateFrameworks/login.framework/Versions/A/Frameworks/loginsupport.framework/Versions/A/loginsupport
0x0000000003b27000 	/System/Library/PrivateFrameworks/TCC.framework/Versions/A/TCC
0x0000000003b27000 	/usr/lib/libmecabra.dylib
0x0000000003b27000 	/System/Library/Frameworks/ApplicationServices.framework/Versions/A/Frameworks/ATS.framework/Versions/A/ATS
0x0000000003b27000 	/System/Library/Frameworks/ApplicationServices.framework/Versions/A/Frameworks/ColorSync.framework/Versions/A/ColorSync
0x0000000003b27000 	/System/Library/Frameworks/ApplicationServices.framework/Versions/A/Frameworks/HIServices.framework/Versions/A/HIServices
0x0000000003b27000 	/System/Library/Frameworks/ApplicationServices.framework/Versions/A/Frameworks/LangAnalysis.framework/Versions/A/LangAnalysis
0x0000000003b27000 	/System/Library/Frameworks/ApplicationServices.framework/Versions/A/Frameworks/PrintCore.framework/Versions/A/PrintCore
0x0000000003b27000 	/System/Library/Frameworks/ApplicationServices.framework/Versions/A/Frameworks/QD.framework/Versions/A/QD
0x0000000003b27000 	/System/Library/Frameworks/ApplicationServices.framework/Versions/A/Frameworks/SpeechSynthesis.framework/Versions/A/SpeechSynthesis
0x0000000003b27000 	/System/Library/Frameworks/Accelerate.framework/Versions/A/Accelerate
0x0000000003b27000 	/System/Library/Frameworks/Accelerate.framework/Versions/A/Frameworks/vImage.framework/Versions/A/vImage
0x0000000003b27000 	/System/Library/Frameworks/Accelerate.framework/Versions/A/Frameworks/vecLib.framework/Versions/A/vecLib
0x0000000003b27000 	/System/Library/Frameworks/Accelerate.framework/Versions/A/Frameworks/vecLib.framework/Versions/A/libvDSP.dylib
0x0000000003b27000 	/System/Library/Frameworks/Accelerate.framework/Versions/A/Frameworks/vecLib.framework/Versions/A/libvMisc.dylib
0x0000000003b27000 	/System/Library/Frameworks/Accelerate.framework/Versions/A/Frameworks/vecLib.framework/Versions/A/libLAPACK.dylib
0x0000000003b27000 	/System/Library/Frameworks/Accelerate.framework/Versions/A/Frameworks/vecLib.framework/Versions/A/libBLAS.dylib
0x0000000003b27000 	/System/Library/Frameworks/Accelerate.framework/Versions/A/Frameworks/vecLib.framework/Versions/A/libLinearAlgebra.dylib
0x0000000003b27000 	/System/Library/Frameworks/ApplicationServices.framework/Versions/A/Frameworks/ATS.framework/Versions/A/Resources/libFontParser.dylib
0x0000000003b27000 	/System/Library/Frameworks/ApplicationServices.framework/Versions/A/Frameworks/ATS.framework/Versions/A/Resources/libFontRegistry.dylib
0x0000000003b27000 	/System/Library/PrivateFrameworks/AppleVPA.framework/Versions/A/AppleVPA
0x0000000003b27000 	/System/Library/PrivateFrameworks/AppleJPEG.framework/Versions/A/AppleJPEG
0x0000000003b27000 	/System/Library/Frameworks/ImageIO.framework/Versions/A/Resources/libJPEG.dylib
0x0000000003b27000 	/System/Library/Frameworks/ImageIO.framework/Versions/A/Resources/libTIFF.dylib
0x0000000003b27000 	/System/Library/Frameworks/ImageIO.framework/Versions/A/Resources/libPng.dylib
0x0000000003b27000 	/System/Library/Frameworks/ImageIO.framework/Versions/A/Resources/libGIF.dylib
0x0000000003b27000 	/System/Library/Frameworks/ImageIO.framework/Versions/A/Resources/libJP2.dylib
0x0000000003b27000 	/System/Library/Frameworks/ImageIO.framework/Versions/A/Resources/libRadiance.dylib
0x0000000003b27000 	/System/Library/Frameworks/CoreVideo.framework/Versions/A/CoreVideo
0x0000000003b27000 	/System/Library/Frameworks/OpenGL.framework/Versions/A/Libraries/libGLU.dylib
0x0000000003b27000 	/System/Library/Frameworks/OpenGL.framework/Versions/A/Libraries/libGFXShared.dylib
0x0000000003b27000 	/System/Library/Frameworks/OpenGL.framework/Versions/A/Libraries/libGL.dylib
0x0000000003b27000 	/System/Library/Frameworks/OpenGL.framework/Versions/A/Libraries/libGLImage.dylib
0x0000000003b27000 	/System/Library/Frameworks/OpenGL.framework/Versions/A/Libraries/libCVMSPluginSupport.dylib
0x0000000003b27000 	/System/Library/Frameworks/OpenGL.framework/Versions/A/Libraries/libCoreVMClient.dylib
0x0000000003b27000 	/usr/lib/libcups.2.dylib
0x0000000003b27000 	/System/Library/Frameworks/Kerberos.framework/Versions/A/Kerberos
0x0000000003b27000 	/System/Library/Frameworks/GSS.framework/Versions/A/GSS
0x0000000003b27000 	/usr/lib/libresolv.9.dylib
0x0000000003b27000 	/usr/lib/libiconv.2.dylib
0x0000000003b27000 	/System/Library/PrivateFrameworks/Heimdal.framework/Versions/A/Heimdal
0x0000000003b27000 	/usr/lib/libheimdal-asn1.dylib
0x0000000003b27000 	/System/Library/Frameworks/OpenDirectory.framework/Versions/A/OpenDirectory
0x0000000003b27000 	/System/Library/PrivateFrameworks/CommonAuth.framework/Versions/A/CommonAuth
0x0000000003b27000 	/System/Library/Frameworks/OpenDirectory.framework/Versions/A/Frameworks/CFOpenDirectory.framework/Versions/A/CFOpenDirectory
0x0000000003b27000 	/System/Library/Frameworks/SecurityFoundation.framework/Versions/A/SecurityFoundation
0x0000000003b27000 	/System/Library/PrivateFrameworks/LanguageModeling.framework/Versions/A/LanguageModeling
0x0000000003b27000 	/usr/lib/libcmph.dylib
0x0000000003b27000 	/System/Library/Frameworks/ServiceManagement.framework/Versions/A/ServiceManagement
0x0000000003b27000 	/usr/lib/libxslt.1.dylib
0x0000000003b27000 	/System/Library/Frameworks/Carbon.framework/Versions/A/Frameworks/Ink.framework/Versions/A/Ink
0x0000000003b27000 	/System/Library/Frameworks/QuartzCore.framework/Versions/A/Frameworks/CoreImage.framework/Versions/A/CoreImage
0x0000000003b27000 	/System/Library/PrivateFrameworks/CrashReporterSupport.framework/Versions/A/CrashReporterSupport
0x0000000003b27000 	/System/Library/Frameworks/OpenCL.framework/Versions/A/OpenCL
0x0000000003b27000 	/System/Library/PrivateFrameworks/FaceCore.framework/Versions/A/FaceCore
0x0000000003b27000 	/System/Library/PrivateFrameworks/Ubiquity.framework/Versions/A/Ubiquity
0x0000000003b27000 	/System/Library/PrivateFrameworks/IconServices.framework/Versions/A/IconServices
0x0000000003b27000 	/System/Library/PrivateFrameworks/ChunkingLibrary.framework/Versions/A/ChunkingLibrary
0x0000000003b27000 	/System/Library/PrivateFrameworks/Apple80211.framework/Versions/A/Apple80211
0x0000000003b27000 	/System/Library/Frameworks/CoreWLAN.framework/Versions/A/CoreWLAN
0x0000000003b27000 	/System/Library/Frameworks/IOBluetooth.framework/Versions/A/IOBluetooth
0x0000000003b27000 	/System/Library/PrivateFrameworks/CoreWiFi.framework/Versions/A/CoreWiFi
0x0000000003b27000 	/System/Library/Frameworks/CoreBluetooth.framework/Versions/A/CoreBluetooth
0x0000000003b27000 	/System/Library/PrivateFrameworks/DebugSymbols.framework/Versions/A/DebugSymbols
0x0000000003b27000 	/System/Library/PrivateFrameworks/CoreSymbolication.framework/Versions/A/CoreSymbolication
0x0000000003b27000 	/System/Library/PrivateFrameworks/Symbolication.framework/Versions/A/Symbolication
0x0000000003b27000 	/System/Library/PrivateFrameworks/SpeechRecognitionCore.framework/Versions/A/SpeechRecognitionCore
0x0000000103200000 	/Library/Java/JavaVirtualMachines/jdk1.8.0_25.jdk/Contents/Home/jre/lib/server/libjvm.dylib
0x0000000003b27000 	/usr/lib/libstdc++.6.dylib
0x0000000102939000 	/Library/Java/JavaVirtualMachines/jdk1.8.0_25.jdk/Contents/Home/jre/lib/libverify.dylib
0x0000000102947000 	/Library/Java/JavaVirtualMachines/jdk1.8.0_25.jdk/Contents/Home/jre/lib/libjava.dylib
0x0000000102985000 	/Library/Java/JavaVirtualMachines/jdk1.8.0_25.jdk/Contents/Home/jre/lib/libzip.dylib
0x000000011a223000 	/System/Library/Frameworks/JavaVM.framework/Frameworks/JavaRuntimeSupport.framework/JavaRuntimeSupport
0x000000011a23b000 	/System/Library/Frameworks/JavaVM.framework/Versions/A/Frameworks/JavaNativeFoundation.framework/Versions/A/JavaNativeFoundation
0x000000011a250000 	/System/Library/Frameworks/JavaVM.framework/Versions/A/JavaVM
0x0000000003b27000 	/System/Library/Frameworks/Carbon.framework/Versions/A/Carbon
0x000000011a25d000 	/System/Library/PrivateFrameworks/JavaLaunching.framework/Versions/A/JavaLaunching
0x0000000003b27000 	/System/Library/Frameworks/Carbon.framework/Versions/A/Frameworks/CommonPanels.framework/Versions/A/CommonPanels
0x0000000003b27000 	/System/Library/Frameworks/Carbon.framework/Versions/A/Frameworks/Help.framework/Versions/A/Help
0x0000000003b27000 	/System/Library/Frameworks/Carbon.framework/Versions/A/Frameworks/ImageCapture.framework/Versions/A/ImageCapture
0x0000000003b27000 	/System/Library/Frameworks/Carbon.framework/Versions/A/Frameworks/OpenScripting.framework/Versions/A/OpenScripting
0x0000000003b27000 	/System/Library/Frameworks/Carbon.framework/Versions/A/Frameworks/Print.framework/Versions/A/Print
0x0000000003b27000 	/System/Library/Frameworks/Carbon.framework/Versions/A/Frameworks/SecurityHI.framework/Versions/A/SecurityHI
0x000000011c74b000 	/Applications/IntelliJ IDEA 14 CE.app/Contents/bin/libbreakgen64.jnilib
0x000000011c851000 	/Library/Java/JavaVirtualMachines/jdk1.8.0_25.jdk/Contents/Home/jre/lib/libnet.dylib
0x000000011cb42000 	/Library/Java/JavaVirtualMachines/jdk1.8.0_25.jdk/Contents/Home/jre/lib/libprism_es2.dylib
0x0000000003b27000 	/System/Library/Frameworks/OpenGL.framework/Versions/A/Resources/GLEngine.bundle/GLEngine
0x0000000003b27000 	/System/Library/Frameworks/OpenGL.framework/Versions/A/Libraries/libGLProgrammability.dylib
0x0000000000000000 	/System/Library/Extensions/AppleIntelHD5000GraphicsGLDriver.bundle/Contents/MacOS/AppleIntelHD5000GraphicsGLDriver
0x0000000003b27000 	/System/Library/PrivateFrameworks/IOAccelerator.framework/Versions/A/IOAccelerator
0x0000000003b27000 	/System/Library/PrivateFrameworks/GPUSupport.framework/Versions/A/Libraries/libGPUSupportMercury.dylib
0x0000000003b27000 	/System/Library/Frameworks/OpenGL.framework/Versions/A/Resources/GLRendererFloat.bundle/GLRendererFloat
0x0000000003b27000 	/System/Library/Frameworks/OpenCL.framework/Versions/A/Libraries/libcldcpuengine.dylib
0x0000000003b27000 	/System/Library/PrivateFrameworks/DiskImages.framework/Versions/A/DiskImages
0x0000000003b27000 	/System/Library/Frameworks/DiscRecording.framework/Versions/A/DiscRecording
0x0000000003b27000 	/usr/lib/libcsfde.dylib
0x0000000003b27000 	/usr/lib/libcurl.4.dylib
0x0000000003b27000 	/System/Library/PrivateFrameworks/MediaKit.framework/Versions/A/MediaKit
0x0000000003b27000 	/System/Library/PrivateFrameworks/ProtectedCloudStorage.framework/Versions/A/ProtectedCloudStorage
0x0000000003b27000 	/usr/lib/libCoreStorage.dylib
0x0000000003b27000 	/System/Library/PrivateFrameworks/EFILogin.framework/Versions/A/EFILogin
0x0000000003b27000 	/usr/lib/libutil.dylib
0x0000000003b27000 	/System/Library/PrivateFrameworks/FindMyDevice.framework/Versions/A/FindMyDevice
0x0000000003b27000 	/System/Library/Frameworks/LDAP.framework/Versions/A/LDAP
0x0000000003b27000 	/usr/lib/libsasl2.2.dylib
0x0000000003b27000 	/System/Library/PrivateFrameworks/CoreDaemon.framework/Versions/B/CoreDaemon
0x0000000003b27000 	/usr/lib/libcrypto.0.9.8.dylib
0x0000000003b27000 	/System/Library/PrivateFrameworks/AppleSRP.framework/Versions/A/AppleSRP
0x0000000003b27000 	/System/Library/PrivateFrameworks/TrustEvaluationAgent.framework/Versions/A/TrustEvaluationAgent
0x000000011cfef000 	/Library/Java/JavaVirtualMachines/jdk1.8.0_25.jdk/Contents/Home/jre/lib/libglass.dylib
0x0000000003b27000 	/System/Library/PrivateFrameworks/CoreServicesInternal.framework/Versions/A/CoreServicesInternal
0x0000000003b27000 	/System/Library/PrivateFrameworks/CloudDocs.framework/Versions/A/CloudDocs
0x0000000003b27000 	/System/Library/PrivateFrameworks/CoreDuet.framework/Versions/A/CoreDuet
0x0000000003b27000 	/System/Library/Frameworks/CloudKit.framework/Versions/A/CloudKit
0x0000000003b27000 	/System/Library/PrivateFrameworks/ProtocolBuffer.framework/Versions/A/ProtocolBuffer
0x0000000003b27000 	/System/Library/PrivateFrameworks/CoreDuetDaemonProtocol.framework/Versions/A/CoreDuetDaemonProtocol
0x0000000003b27000 	/System/Library/PrivateFrameworks/CoreDuetDebugLogging.framework/Versions/A/CoreDuetDebugLogging
0x0000000003b27000 	/System/Library/Frameworks/CoreLocation.framework/Versions/A/CoreLocation
0x0000000003b27000 	/System/Library/Frameworks/Accounts.framework/Versions/A/Accounts
0x0000000003b27000 	/System/Library/PrivateFrameworks/ApplePushService.framework/Versions/A/ApplePushService
0x0000000003b27000 	/System/Library/PrivateFrameworks/GeoServices.framework/Versions/A/GeoServices
0x0000000003b27000 	/System/Library/PrivateFrameworks/OAuth.framework/Versions/A/OAuth
0x0000000003b27000 	/System/Library/Frameworks/CoreGraphics.framework/Versions/A/Resources/libCGCMS.A.dylib
0x0000000003b27000 	/System/Library/CoreServices/RawCamera.bundle/Contents/MacOS/RawCamera
0x0000000003b27000 	/System/Library/Frameworks/CoreGraphics.framework/Versions/A/Resources/libRIP.A.dylib
0x0000000003b27000 	/System/Library/PrivateFrameworks/FamilyControls.framework/Versions/A/FamilyControls
0x0000000003b27000 	/System/Library/PrivateFrameworks/CommerceKit.framework/Versions/A/Frameworks/CommerceCore.framework/Versions/A/CommerceCore
0x0000000003b27000 	/System/Library/PrivateFrameworks/SystemAdministration.framework/Versions/A/SystemAdministration
0x0000000003b27000 	/System/Library/PrivateFrameworks/AppContainer.framework/Versions/A/AppContainer
0x0000000003b27000 	/System/Library/PrivateFrameworks/SecCodeWrapper.framework/Versions/A/SecCodeWrapper
0x0000000003b27000 	/System/Library/Frameworks/DirectoryService.framework/Versions/A/DirectoryService
0x0000000003b27000 	/System/Library/PrivateFrameworks/LoginUIKit.framework/Versions/A/Frameworks/LoginUICore.framework/Versions/A/LoginUICore
0x0000000003b27000 	/usr/lib/libodfde.dylib
0x0000000003b27000 	/System/Library/Frameworks/CoreGraphics.framework/Versions/A/Resources/libCGXType.A.dylib
0x0000000121a71000 	/Library/Java/JavaVirtualMachines/jdk1.8.0_25.jdk/Contents/Home/jre/lib/libjavafx_font.dylib
0x0000000122228000 	/Library/Java/JavaVirtualMachines/jdk1.8.0_25.jdk/Contents/Home/jre/lib/libprism_common.dylib
0x0000000122ef1000 	cl_kernels
0x0000000122ef3000 	/System/Library/Frameworks/OpenCL.framework/Versions/A/Libraries/ImageFormats/unorm8_bgra.dylib
0x0000000122ee3000 	cl_kernels
0x000000011a2d8000 	/Library/Java/JavaVirtualMachines/jdk1.8.0_25.jdk/Contents/Home/jre/lib/libawt.dylib
0x0000000122d83000 	/Library/Java/JavaVirtualMachines/jdk1.8.0_25.jdk/Contents/Home/jre/lib/./libmlib_image.dylib
0x0000000125f1c000 	/Library/Java/JavaVirtualMachines/jdk1.8.0_25.jdk/Contents/Home/jre/lib/libawt_lwawt.dylib
0x000000011a387000 	/Library/Java/JavaVirtualMachines/jdk1.8.0_25.jdk/Contents/Home/jre/lib/./libosxapp.dylib
0x0000000003b27000 	/System/Library/Frameworks/ExceptionHandling.framework/Versions/A/ExceptionHandling
0x00000001262cd000 	/Library/Java/JavaVirtualMachines/jdk1.8.0_25.jdk/Contents/Home/jre/lib/libfontmanager.dylib
0x00000001227bf000 	/Library/Java/JavaVirtualMachines/jdk1.8.0_25.jdk/Contents/Home/jre/lib/libosxui.dylib
0x0000000127b47000 	/Library/Java/JavaVirtualMachines/jdk1.8.0_25.jdk/Contents/Home/jre/lib/libnio.dylib

VM Arguments:
jvm_args: -Didea.launcher.port=7533 -Didea.launcher.bin.path=/Applications/IntelliJ IDEA 14 CE.app/Contents/bin -Dfile.encoding=UTF-8 
java_command: com.intellij.rt.execution.application.AppMain chat_client.ClientFX
java_class_path (initial): /Users/Xeronic/Documents/workspace/Prat/bin:/Library/Java/JavaVirtualMachines/jdk1.8.0_25.jdk/Contents/Home/lib/ant-javafx.jar:/Library/Java/JavaVirtualMachines/jdk1.8.0_25.jdk/Contents/Home/lib/dt.jar:/Library/Java/JavaVirtualMachines/jdk1.8.0_25.jdk/Contents/Home/lib/javafx-mx.jar:/Library/Java/JavaVirtualMachines/jdk1.8.0_25.jdk/Contents/Home/lib/jconsole.jar:/Library/Java/JavaVirtualMachines/jdk1.8.0_25.jdk/Contents/Home/lib/sa-jdi.jar:/Library/Java/JavaVirtualMachines/jdk1.8.0_25.jdk/Contents/Home/lib/tools.jar:/Library/Java/JavaVirtualMachines/jdk1.8.0_25.jdk/Contents/Home/jre/lib/charsets.jar:/Library/Java/JavaVirtualMachines/jdk1.8.0_25.jdk/Contents/Home/jre/lib/deploy.jar:/Library/Java/JavaVirtualMachines/jdk1.8.0_25.jdk/Contents/Home/jre/lib/javaws.jar:/Library/Java/JavaVirtualMachines/jdk1.8.0_25.jdk/Contents/Home/jre/lib/jce.jar:/Library/Java/JavaVirtualMachines/jdk1.8.0_25.jdk/Contents/Home/jre/lib/jfr.jar:/Library/Java/JavaVirtualMachines/jdk1.8.0_25.jdk/Contents/Home/jre/lib/jfxswt.jar:/Library/Java/JavaVirtualMachines/jdk1.8.0_25.jdk/Contents/Home/jre/lib/jsse.jar:/Library/Java/JavaVirtualMachines/jdk1.8.0_25.jdk/Contents/Home/jre/lib/management-agent.jar:/Library/Java/JavaVirtualMachines/jdk1.8.0_25.jdk/Contents/Home/jre/lib/plugin.jar:/Library/Java/JavaVirtualMachines/jdk1.8.0_25.jdk/Contents/Home/jre/lib/resources.jar:/Library/Java/JavaVirtualMachines/jdk1.8.0_25.jdk/Contents/Home/jre/lib/rt.jar:/Library/Java/JavaVirtualMachines/jdk1.8.0_25.jdk/Contents/Home/jre/lib/ext/cldrdata.jar:/Library/Java/JavaVirtualMachines/jdk1.8.0_25.jdk/Contents/Home/jre/lib/ext/dnsns.jar:/Library/Java/JavaVirtualMachines/jdk1.8.0_25.jdk/Contents/Home/jre/lib/ext/jfxrt.jar:/Library/Java/JavaVirtualMachines/jdk1.8.0_25.jdk/Contents/Home/jre/lib/ext/localedata.jar:/Library/Java/JavaVirtualMachines/jdk1.8.0_25.jdk/Contents/Home/jre/lib/ext/nashorn.jar:/Library/Java/JavaVirtualMachines/jdk1.8.0_25.jdk/Contents/Home/jre/lib/ext/sunec.jar:/Librar
Launcher Type: SUN_STANDARD

Environment Variables:
PATH=/Users/Xeronic/.rbenv/shims:/usr/local/bin:/usr/local/bin:/usr/bin:/bin:/usr/sbin:/sbin
SHELL=/bin/bash

Signal Handlers:
SIGSEGV: [libjvm.dylib+0x579dc7], sa_mask[0]=11111111011111110111111111111111, sa_flags=SA_ONSTACK|SA_RESTART|SA_SIGINFO
SIGBUS: [libjvm.dylib+0x579dc7], sa_mask[0]=11111111011111110111111111111111, sa_flags=SA_RESTART|SA_SIGINFO
SIGFPE: [libjvm.dylib+0x45b030], sa_mask[0]=11111111011111110111111111111111, sa_flags=SA_RESTART|SA_SIGINFO
SIGPIPE: [libjvm.dylib+0x45b030], sa_mask[0]=11111111011111110111111111111111, sa_flags=SA_RESTART|SA_SIGINFO
SIGXFSZ: [libjvm.dylib+0x45b030], sa_mask[0]=11111111011111110111111111111111, sa_flags=SA_RESTART|SA_SIGINFO
SIGILL: [libjvm.dylib+0x45b030], sa_mask[0]=11111111011111110111111111111111, sa_flags=SA_RESTART|SA_SIGINFO
SIGUSR1: SIG_DFL, sa_mask[0]=00000000000000000000000000000000, sa_flags=none
SIGUSR2: [libjvm.dylib+0x45ab4e], sa_mask[0]=00100000000000000000000000000000, sa_flags=SA_RESTART|SA_SIGINFO
SIGHUP: [libjvm.dylib+0x459121], sa_mask[0]=11111111011111110111111111111111, sa_flags=SA_RESTART|SA_SIGINFO
SIGINT: [libjvm.dylib+0x459121], sa_mask[0]=11111111011111110111111111111111, sa_flags=SA_RESTART|SA_SIGINFO
SIGTERM: [libjvm.dylib+0x459121], sa_mask[0]=11111111011111110111111111111111, sa_flags=SA_RESTART|SA_SIGINFO
SIGQUIT: [libjvm.dylib+0x459121], sa_mask[0]=11111111011111110111111111111111, sa_flags=SA_RESTART|SA_SIGINFO


---------------  S Y S T E M  ---------------

OS:Bsduname:Darwin 14.1.0 Darwin Kernel Version 14.1.0: Mon Dec 22 23:10:38 PST 2014; root:xnu-2782.10.72~2/RELEASE_X86_64 x86_64
rlimit: STACK 8192k, CORE 0k, NPROC 709, NOFILE 10240, AS infinity
load average:3.68 3.45 3.30

CPU:total 4 (2 cores per cpu, 2 threads per core) family 6 model 69 stepping 1, cmov, cx8, fxsr, mmx, sse, sse2, sse3, ssse3, sse4.1, sse4.2, popcnt, avx, avx2, aes, clmul, erms, lzcnt, ht, tsc, tscinvbit, bmi1, bmi2

Memory: 4k page, physical 8388608k(522860k free)

/proc/meminfo:


vm_info: Java HotSpot(TM) 64-Bit Server VM (25.25-b02) for bsd-amd64 JRE (1.8.0_25-b17), built on Sep 17 2014 16:56:50 by "java_re" with gcc 4.2.1 (Based on Apple Inc. build 5658) (LLVM build 2336.11.00)

time: Thu Mar 12 22:41:32 2015
elapsed time: 62 seconds (0d 0h 1m 2s)

